<?xml version="1.0" encoding="UTF-8"?>
<robot generator="Robot 4.1.2 (Python 3.9.7 on darwin)" generated="20211202 20:43:21.701" rpa="false" schemaversion="2">
<suite id="s1" name="TestLogin" source="/Users/mac/Documents/TEST/Belajar-Robot-Framework/TestLogin.robot">
<kw name="Open Browser" library="SeleniumLibrary" type="SETUP">
<arg>${WebURL}</arg>
<arg>${BROWSERS}</arg>
<doc>Opens a new browser instance to the optional ``url``.</doc>
<msg timestamp="20211202 20:43:22.091" level="INFO">Opening browser 'Chrome' to base url 'https://www.saucedemo.com/'.</msg>
<status status="PASS" starttime="20211202 20:43:22.091" endtime="20211202 20:43:27.361"/>
</kw>
<test id="s1-t1" name="Login with invalid credentials should failed with CSV">
<kw name="I want to login with invalid credentials">
<arg>standard_user1</arg>
<arg>xs</arg>
<kw name="Input Text" library="SeleniumLibrary">
<arg>id=user-name</arg>
<arg>${username}</arg>
<doc>Types the given ``text`` into the text field identified by ``locator``.</doc>
<msg timestamp="20211202 20:43:27.375" level="INFO">Typing text 'standard_user1' into text field 'id=user-name'.</msg>
<status status="PASS" starttime="20211202 20:43:27.371" endtime="20211202 20:43:27.783"/>
</kw>
<kw name="Input Text" library="SeleniumLibrary">
<arg>id=password</arg>
<arg>${password}</arg>
<doc>Types the given ``text`` into the text field identified by ``locator``.</doc>
<msg timestamp="20211202 20:43:27.784" level="INFO">Typing text 'xs' into text field 'id=password'.</msg>
<status status="PASS" starttime="20211202 20:43:27.783" endtime="20211202 20:43:28.118"/>
</kw>
<kw name="Click Element" library="SeleniumLibrary">
<arg>id=login-button</arg>
<doc>Click the element identified by ``locator``.</doc>
<msg timestamp="20211202 20:43:28.118" level="INFO">Clicking element 'id=login-button'.</msg>
<status status="PASS" starttime="20211202 20:43:28.118" endtime="20211202 20:43:28.308"/>
</kw>
<status status="PASS" starttime="20211202 20:43:27.369" endtime="20211202 20:43:28.308"/>
</kw>
<status status="PASS" starttime="20211202 20:43:27.362" endtime="20211202 20:43:28.309"/>
</test>
<test id="s1-t2" name="Login with invalid credentials should failed with CSV">
<kw name="I want to login with invalid credentials">
<arg>standard_user2</arg>
<arg>ssss</arg>
<kw name="Input Text" library="SeleniumLibrary">
<arg>id=user-name</arg>
<arg>${username}</arg>
<doc>Types the given ``text`` into the text field identified by ``locator``.</doc>
<msg timestamp="20211202 20:43:28.315" level="INFO">Typing text 'standard_user2' into text field 'id=user-name'.</msg>
<status status="PASS" starttime="20211202 20:43:28.314" endtime="20211202 20:43:28.715"/>
</kw>
<kw name="Input Text" library="SeleniumLibrary">
<arg>id=password</arg>
<arg>${password}</arg>
<doc>Types the given ``text`` into the text field identified by ``locator``.</doc>
<msg timestamp="20211202 20:43:28.716" level="INFO">Typing text 'ssss' into text field 'id=password'.</msg>
<status status="PASS" starttime="20211202 20:43:28.715" endtime="20211202 20:43:28.947"/>
</kw>
<kw name="Click Element" library="SeleniumLibrary">
<arg>id=login-button</arg>
<doc>Click the element identified by ``locator``.</doc>
<msg timestamp="20211202 20:43:28.948" level="INFO">Clicking element 'id=login-button'.</msg>
<status status="PASS" starttime="20211202 20:43:28.947" endtime="20211202 20:43:29.045"/>
</kw>
<status status="PASS" starttime="20211202 20:43:28.314" endtime="20211202 20:43:29.045"/>
</kw>
<status status="PASS" starttime="20211202 20:43:28.310" endtime="20211202 20:43:29.047"/>
</test>
<test id="s1-t3" name="Login with invalid credentials should failed with CSV">
<kw name="I want to login with invalid credentials">
<arg>standard_user3</arg>
<arg>sw3s</arg>
<kw name="Input Text" library="SeleniumLibrary">
<arg>id=user-name</arg>
<arg>${username}</arg>
<doc>Types the given ``text`` into the text field identified by ``locator``.</doc>
<msg timestamp="20211202 20:43:29.094" level="INFO">Typing text 'standard_user3' into text field 'id=user-name'.</msg>
<status status="PASS" starttime="20211202 20:43:29.093" endtime="20211202 20:43:29.350"/>
</kw>
<kw name="Input Text" library="SeleniumLibrary">
<arg>id=password</arg>
<arg>${password}</arg>
<doc>Types the given ``text`` into the text field identified by ``locator``.</doc>
<msg timestamp="20211202 20:43:29.350" level="INFO">Typing text 'sw3s' into text field 'id=password'.</msg>
<status status="PASS" starttime="20211202 20:43:29.350" endtime="20211202 20:43:29.538"/>
</kw>
<kw name="Click Element" library="SeleniumLibrary">
<arg>id=login-button</arg>
<doc>Click the element identified by ``locator``.</doc>
<msg timestamp="20211202 20:43:29.538" level="INFO">Clicking element 'id=login-button'.</msg>
<status status="PASS" starttime="20211202 20:43:29.538" endtime="20211202 20:43:29.612"/>
</kw>
<status status="PASS" starttime="20211202 20:43:29.088" endtime="20211202 20:43:29.613"/>
</kw>
<status status="PASS" starttime="20211202 20:43:29.075" endtime="20211202 20:43:29.617"/>
</test>
<test id="s1-t4" name="Login with invalid credentials should failed with CSV">
<kw name="I want to login with invalid credentials">
<arg>standard_user4</arg>
<arg>sdas</arg>
<kw name="Input Text" library="SeleniumLibrary">
<arg>id=user-name</arg>
<arg>${username}</arg>
<doc>Types the given ``text`` into the text field identified by ``locator``.</doc>
<msg timestamp="20211202 20:43:29.742" level="INFO">Typing text 'standard_user4' into text field 'id=user-name'.</msg>
<status status="PASS" starttime="20211202 20:43:29.720" endtime="20211202 20:43:30.028"/>
</kw>
<kw name="Input Text" library="SeleniumLibrary">
<arg>id=password</arg>
<arg>${password}</arg>
<doc>Types the given ``text`` into the text field identified by ``locator``.</doc>
<msg timestamp="20211202 20:43:30.029" level="INFO">Typing text 'sdas' into text field 'id=password'.</msg>
<status status="PASS" starttime="20211202 20:43:30.029" endtime="20211202 20:43:30.215"/>
</kw>
<kw name="Click Element" library="SeleniumLibrary">
<arg>id=login-button</arg>
<doc>Click the element identified by ``locator``.</doc>
<msg timestamp="20211202 20:43:30.216" level="INFO">Clicking element 'id=login-button'.</msg>
<status status="PASS" starttime="20211202 20:43:30.215" endtime="20211202 20:43:30.276"/>
</kw>
<status status="PASS" starttime="20211202 20:43:29.710" endtime="20211202 20:43:30.277"/>
</kw>
<status status="PASS" starttime="20211202 20:43:29.676" endtime="20211202 20:43:30.277"/>
</test>
<test id="s1-t5" name="Login with invalid credentials should failed with CSV">
<kw name="I want to login with invalid credentials">
<arg>standard_user5</arg>
<arg>sdas</arg>
<kw name="Input Text" library="SeleniumLibrary">
<arg>id=user-name</arg>
<arg>${username}</arg>
<doc>Types the given ``text`` into the text field identified by ``locator``.</doc>
<msg timestamp="20211202 20:43:30.284" level="INFO">Typing text 'standard_user5' into text field 'id=user-name'.</msg>
<status status="PASS" starttime="20211202 20:43:30.283" endtime="20211202 20:43:30.549"/>
</kw>
<kw name="Input Text" library="SeleniumLibrary">
<arg>id=password</arg>
<arg>${password}</arg>
<doc>Types the given ``text`` into the text field identified by ``locator``.</doc>
<msg timestamp="20211202 20:43:30.550" level="INFO">Typing text 'sdas' into text field 'id=password'.</msg>
<status status="PASS" starttime="20211202 20:43:30.549" endtime="20211202 20:43:30.747"/>
</kw>
<kw name="Click Element" library="SeleniumLibrary">
<arg>id=login-button</arg>
<doc>Click the element identified by ``locator``.</doc>
<msg timestamp="20211202 20:43:30.748" level="INFO">Clicking element 'id=login-button'.</msg>
<status status="PASS" starttime="20211202 20:43:30.747" endtime="20211202 20:43:30.801"/>
</kw>
<status status="PASS" starttime="20211202 20:43:30.282" endtime="20211202 20:43:30.801"/>
</kw>
<status status="PASS" starttime="20211202 20:43:30.279" endtime="20211202 20:43:30.804"/>
</test>
<test id="s1-t6" name="Login with invalid credentials should failed with CSV">
<kw name="I want to login with invalid credentials">
<arg>standard_user1</arg>
<arg>xs</arg>
<kw name="Input Text" library="SeleniumLibrary">
<arg>id=user-name</arg>
<arg>${username}</arg>
<doc>Types the given ``text`` into the text field identified by ``locator``.</doc>
<msg timestamp="20211202 20:43:30.850" level="INFO">Typing text 'standard_user1' into text field 'id=user-name'.</msg>
<status status="PASS" starttime="20211202 20:43:30.848" endtime="20211202 20:43:31.247"/>
</kw>
<kw name="Input Text" library="SeleniumLibrary">
<arg>id=password</arg>
<arg>${password}</arg>
<doc>Types the given ``text`` into the text field identified by ``locator``.</doc>
<msg timestamp="20211202 20:43:31.248" level="INFO">Typing text 'xs' into text field 'id=password'.</msg>
<status status="PASS" starttime="20211202 20:43:31.247" endtime="20211202 20:43:31.498"/>
</kw>
<kw name="Click Element" library="SeleniumLibrary">
<arg>id=login-button</arg>
<doc>Click the element identified by ``locator``.</doc>
<msg timestamp="20211202 20:43:31.499" level="INFO">Clicking element 'id=login-button'.</msg>
<status status="PASS" starttime="20211202 20:43:31.499" endtime="20211202 20:43:31.615"/>
</kw>
<status status="PASS" starttime="20211202 20:43:30.842" endtime="20211202 20:43:31.615"/>
</kw>
<status status="PASS" starttime="20211202 20:43:30.825" endtime="20211202 20:43:31.616"/>
</test>
<test id="s1-t7" name="Login with invalid credentials should failed with CSV">
<kw name="I want to login with invalid credentials">
<arg>standard_user2</arg>
<arg>ssss</arg>
<kw name="Input Text" library="SeleniumLibrary">
<arg>id=user-name</arg>
<arg>${username}</arg>
<doc>Types the given ``text`` into the text field identified by ``locator``.</doc>
<msg timestamp="20211202 20:43:31.639" level="INFO">Typing text 'standard_user2' into text field 'id=user-name'.</msg>
<status status="PASS" starttime="20211202 20:43:31.639" endtime="20211202 20:43:31.998"/>
</kw>
<kw name="Input Text" library="SeleniumLibrary">
<arg>id=password</arg>
<arg>${password}</arg>
<doc>Types the given ``text`` into the text field identified by ``locator``.</doc>
<msg timestamp="20211202 20:43:31.999" level="INFO">Typing text 'ssss' into text field 'id=password'.</msg>
<status status="PASS" starttime="20211202 20:43:31.998" endtime="20211202 20:43:32.239"/>
</kw>
<kw name="Click Element" library="SeleniumLibrary">
<arg>id=login-button</arg>
<doc>Click the element identified by ``locator``.</doc>
<msg timestamp="20211202 20:43:32.240" level="INFO">Clicking element 'id=login-button'.</msg>
<status status="PASS" starttime="20211202 20:43:32.239" endtime="20211202 20:43:32.362"/>
</kw>
<status status="PASS" starttime="20211202 20:43:31.638" endtime="20211202 20:43:32.362"/>
</kw>
<status status="PASS" starttime="20211202 20:43:31.631" endtime="20211202 20:43:32.363"/>
</test>
<test id="s1-t8" name="Login with invalid credentials should failed with CSV">
<kw name="I want to login with invalid credentials">
<arg>standard_user3</arg>
<arg>sw3s</arg>
<kw name="Input Text" library="SeleniumLibrary">
<arg>id=user-name</arg>
<arg>${username}</arg>
<doc>Types the given ``text`` into the text field identified by ``locator``.</doc>
<msg timestamp="20211202 20:43:32.397" level="INFO">Typing text 'standard_user3' into text field 'id=user-name'.</msg>
<status status="PASS" starttime="20211202 20:43:32.396" endtime="20211202 20:43:32.701"/>
</kw>
<kw name="Input Text" library="SeleniumLibrary">
<arg>id=password</arg>
<arg>${password}</arg>
<doc>Types the given ``text`` into the text field identified by ``locator``.</doc>
<msg timestamp="20211202 20:43:32.702" level="INFO">Typing text 'sw3s' into text field 'id=password'.</msg>
<status status="PASS" starttime="20211202 20:43:32.702" endtime="20211202 20:43:32.908"/>
</kw>
<kw name="Click Element" library="SeleniumLibrary">
<arg>id=login-button</arg>
<doc>Click the element identified by ``locator``.</doc>
<msg timestamp="20211202 20:43:32.909" level="INFO">Clicking element 'id=login-button'.</msg>
<status status="PASS" starttime="20211202 20:43:32.908" endtime="20211202 20:43:33.039"/>
</kw>
<status status="PASS" starttime="20211202 20:43:32.396" endtime="20211202 20:43:33.039"/>
</kw>
<status status="PASS" starttime="20211202 20:43:32.377" endtime="20211202 20:43:33.039"/>
</test>
<test id="s1-t9" name="Login with invalid credentials should failed with CSV">
<kw name="I want to login with invalid credentials">
<arg>standard_user4</arg>
<arg>sdas</arg>
<kw name="Input Text" library="SeleniumLibrary">
<arg>id=user-name</arg>
<arg>${username}</arg>
<doc>Types the given ``text`` into the text field identified by ``locator``.</doc>
<msg timestamp="20211202 20:43:33.046" level="INFO">Typing text 'standard_user4' into text field 'id=user-name'.</msg>
<status status="PASS" starttime="20211202 20:43:33.045" endtime="20211202 20:43:33.392"/>
</kw>
<kw name="Input Text" library="SeleniumLibrary">
<arg>id=password</arg>
<arg>${password}</arg>
<doc>Types the given ``text`` into the text field identified by ``locator``.</doc>
<msg timestamp="20211202 20:43:33.394" level="INFO">Typing text 'sdas' into text field 'id=password'.</msg>
<status status="PASS" starttime="20211202 20:43:33.393" endtime="20211202 20:43:33.597"/>
</kw>
<kw name="Click Element" library="SeleniumLibrary">
<arg>id=login-button</arg>
<doc>Click the element identified by ``locator``.</doc>
<msg timestamp="20211202 20:43:33.598" level="INFO">Clicking element 'id=login-button'.</msg>
<status status="PASS" starttime="20211202 20:43:33.598" endtime="20211202 20:43:33.722"/>
</kw>
<status status="PASS" starttime="20211202 20:43:33.044" endtime="20211202 20:43:33.722"/>
</kw>
<status status="PASS" starttime="20211202 20:43:33.040" endtime="20211202 20:43:33.723"/>
</test>
<test id="s1-t10" name="Login with invalid credentials should failed with CSV">
<kw name="I want to login with invalid credentials">
<arg>standard_user5</arg>
<arg>sdas</arg>
<kw name="Input Text" library="SeleniumLibrary">
<arg>id=user-name</arg>
<arg>${username}</arg>
<doc>Types the given ``text`` into the text field identified by ``locator``.</doc>
<msg timestamp="20211202 20:43:33.728" level="INFO">Typing text 'standard_user5' into text field 'id=user-name'.</msg>
<status status="PASS" starttime="20211202 20:43:33.727" endtime="20211202 20:43:34.110"/>
</kw>
<kw name="Input Text" library="SeleniumLibrary">
<arg>id=password</arg>
<arg>${password}</arg>
<doc>Types the given ``text`` into the text field identified by ``locator``.</doc>
<msg timestamp="20211202 20:43:34.111" level="INFO">Typing text 'sdas' into text field 'id=password'.</msg>
<status status="PASS" starttime="20211202 20:43:34.110" endtime="20211202 20:43:34.301"/>
</kw>
<kw name="Click Element" library="SeleniumLibrary">
<arg>id=login-button</arg>
<doc>Click the element identified by ``locator``.</doc>
<msg timestamp="20211202 20:43:34.301" level="INFO">Clicking element 'id=login-button'.</msg>
<status status="PASS" starttime="20211202 20:43:34.301" endtime="20211202 20:43:34.361"/>
</kw>
<status status="PASS" starttime="20211202 20:43:33.726" endtime="20211202 20:43:34.361"/>
</kw>
<status status="PASS" starttime="20211202 20:43:33.724" endtime="20211202 20:43:34.363"/>
</test>
<test id="s1-t11" name="Login with invalid credentials should failed with CSV">
<kw name="I want to login with invalid credentials">
<arg>standard_user1</arg>
<arg>xs</arg>
<kw name="Input Text" library="SeleniumLibrary">
<arg>id=user-name</arg>
<arg>${username}</arg>
<doc>Types the given ``text`` into the text field identified by ``locator``.</doc>
<msg timestamp="20211202 20:43:34.394" level="INFO">Typing text 'standard_user1' into text field 'id=user-name'.</msg>
<status status="PASS" starttime="20211202 20:43:34.391" endtime="20211202 20:43:34.591"/>
</kw>
<kw name="Input Text" library="SeleniumLibrary">
<arg>id=password</arg>
<arg>${password}</arg>
<doc>Types the given ``text`` into the text field identified by ``locator``.</doc>
<msg timestamp="20211202 20:43:34.591" level="INFO">Typing text 'xs' into text field 'id=password'.</msg>
<status status="PASS" starttime="20211202 20:43:34.591" endtime="20211202 20:43:34.708"/>
</kw>
<kw name="Click Element" library="SeleniumLibrary">
<arg>id=login-button</arg>
<doc>Click the element identified by ``locator``.</doc>
<msg timestamp="20211202 20:43:34.709" level="INFO">Clicking element 'id=login-button'.</msg>
<status status="PASS" starttime="20211202 20:43:34.708" endtime="20211202 20:43:34.765"/>
</kw>
<status status="PASS" starttime="20211202 20:43:34.389" endtime="20211202 20:43:34.766"/>
</kw>
<status status="PASS" starttime="20211202 20:43:34.381" endtime="20211202 20:43:34.766"/>
</test>
<test id="s1-t12" name="Login with invalid credentials should failed with CSV">
<kw name="I want to login with invalid credentials">
<arg>standard_user2</arg>
<arg>ssss</arg>
<kw name="Input Text" library="SeleniumLibrary">
<arg>id=user-name</arg>
<arg>${username}</arg>
<doc>Types the given ``text`` into the text field identified by ``locator``.</doc>
<msg timestamp="20211202 20:43:34.770" level="INFO">Typing text 'standard_user2' into text field 'id=user-name'.</msg>
<status status="PASS" starttime="20211202 20:43:34.769" endtime="20211202 20:43:35.006"/>
</kw>
<kw name="Input Text" library="SeleniumLibrary">
<arg>id=password</arg>
<arg>${password}</arg>
<doc>Types the given ``text`` into the text field identified by ``locator``.</doc>
<msg timestamp="20211202 20:43:35.007" level="INFO">Typing text 'ssss' into text field 'id=password'.</msg>
<status status="PASS" starttime="20211202 20:43:35.007" endtime="20211202 20:43:35.116"/>
</kw>
<kw name="Click Element" library="SeleniumLibrary">
<arg>id=login-button</arg>
<doc>Click the element identified by ``locator``.</doc>
<msg timestamp="20211202 20:43:35.117" level="INFO">Clicking element 'id=login-button'.</msg>
<status status="PASS" starttime="20211202 20:43:35.117" endtime="20211202 20:43:35.170"/>
</kw>
<status status="PASS" starttime="20211202 20:43:34.769" endtime="20211202 20:43:35.171"/>
</kw>
<status status="PASS" starttime="20211202 20:43:34.766" endtime="20211202 20:43:35.180"/>
</test>
<test id="s1-t13" name="Login with invalid credentials should failed with CSV">
<kw name="I want to login with invalid credentials">
<arg>standard_user3</arg>
<arg>sw3s</arg>
<kw name="Input Text" library="SeleniumLibrary">
<arg>id=user-name</arg>
<arg>${username}</arg>
<doc>Types the given ``text`` into the text field identified by ``locator``.</doc>
<msg timestamp="20211202 20:43:35.196" level="INFO">Typing text 'standard_user3' into text field 'id=user-name'.</msg>
<status status="PASS" starttime="20211202 20:43:35.196" endtime="20211202 20:43:35.363"/>
</kw>
<kw name="Input Text" library="SeleniumLibrary">
<arg>id=password</arg>
<arg>${password}</arg>
<doc>Types the given ``text`` into the text field identified by ``locator``.</doc>
<msg timestamp="20211202 20:43:35.363" level="INFO">Typing text 'sw3s' into text field 'id=password'.</msg>
<status status="PASS" starttime="20211202 20:43:35.363" endtime="20211202 20:43:35.496"/>
</kw>
<kw name="Click Element" library="SeleniumLibrary">
<arg>id=login-button</arg>
<doc>Click the element identified by ``locator``.</doc>
<msg timestamp="20211202 20:43:35.497" level="INFO">Clicking element 'id=login-button'.</msg>
<status status="PASS" starttime="20211202 20:43:35.496" endtime="20211202 20:43:35.553"/>
</kw>
<status status="PASS" starttime="20211202 20:43:35.195" endtime="20211202 20:43:35.553"/>
</kw>
<status status="PASS" starttime="20211202 20:43:35.188" endtime="20211202 20:43:35.554"/>
</test>
<test id="s1-t14" name="Login with invalid credentials should failed with CSV">
<kw name="I want to login with invalid credentials">
<arg>standard_user4</arg>
<arg>sdas</arg>
<kw name="Input Text" library="SeleniumLibrary">
<arg>id=user-name</arg>
<arg>${username}</arg>
<doc>Types the given ``text`` into the text field identified by ``locator``.</doc>
<msg timestamp="20211202 20:43:35.558" level="INFO">Typing text 'standard_user4' into text field 'id=user-name'.</msg>
<status status="PASS" starttime="20211202 20:43:35.558" endtime="20211202 20:43:35.784"/>
</kw>
<kw name="Input Text" library="SeleniumLibrary">
<arg>id=password</arg>
<arg>${password}</arg>
<doc>Types the given ``text`` into the text field identified by ``locator``.</doc>
<msg timestamp="20211202 20:43:35.785" level="INFO">Typing text 'sdas' into text field 'id=password'.</msg>
<status status="PASS" starttime="20211202 20:43:35.784" endtime="20211202 20:43:35.901"/>
</kw>
<kw name="Click Element" library="SeleniumLibrary">
<arg>id=login-button</arg>
<doc>Click the element identified by ``locator``.</doc>
<msg timestamp="20211202 20:43:35.902" level="INFO">Clicking element 'id=login-button'.</msg>
<status status="PASS" starttime="20211202 20:43:35.901" endtime="20211202 20:43:35.969"/>
</kw>
<status status="PASS" starttime="20211202 20:43:35.556" endtime="20211202 20:43:35.969"/>
</kw>
<status status="PASS" starttime="20211202 20:43:35.554" endtime="20211202 20:43:35.970"/>
</test>
<test id="s1-t15" name="Login with invalid credentials should failed with CSV">
<kw name="I want to login with invalid credentials">
<arg>standard_user5</arg>
<arg>sdas</arg>
<kw name="Input Text" library="SeleniumLibrary">
<arg>id=user-name</arg>
<arg>${username}</arg>
<doc>Types the given ``text`` into the text field identified by ``locator``.</doc>
<msg timestamp="20211202 20:43:35.974" level="INFO">Typing text 'standard_user5' into text field 'id=user-name'.</msg>
<status status="PASS" starttime="20211202 20:43:35.973" endtime="20211202 20:43:36.160"/>
</kw>
<kw name="Input Text" library="SeleniumLibrary">
<arg>id=password</arg>
<arg>${password}</arg>
<doc>Types the given ``text`` into the text field identified by ``locator``.</doc>
<msg timestamp="20211202 20:43:36.161" level="INFO">Typing text 'sdas' into text field 'id=password'.</msg>
<status status="PASS" starttime="20211202 20:43:36.161" endtime="20211202 20:43:36.279"/>
</kw>
<kw name="Click Element" library="SeleniumLibrary">
<arg>id=login-button</arg>
<doc>Click the element identified by ``locator``.</doc>
<msg timestamp="20211202 20:43:36.280" level="INFO">Clicking element 'id=login-button'.</msg>
<status status="PASS" starttime="20211202 20:43:36.280" endtime="20211202 20:43:36.326"/>
</kw>
<status status="PASS" starttime="20211202 20:43:35.973" endtime="20211202 20:43:36.326"/>
</kw>
<status status="PASS" starttime="20211202 20:43:35.970" endtime="20211202 20:43:36.327"/>
</test>
<test id="s1-t16" name="Login with invalid credentials should failed with CSV">
<kw name="I want to login with invalid credentials">
<arg>standard_user1</arg>
<arg>xs</arg>
<kw name="Input Text" library="SeleniumLibrary">
<arg>id=user-name</arg>
<arg>${username}</arg>
<doc>Types the given ``text`` into the text field identified by ``locator``.</doc>
<msg timestamp="20211202 20:43:36.331" level="INFO">Typing text 'standard_user1' into text field 'id=user-name'.</msg>
<status status="PASS" starttime="20211202 20:43:36.331" endtime="20211202 20:43:36.538"/>
</kw>
<kw name="Input Text" library="SeleniumLibrary">
<arg>id=password</arg>
<arg>${password}</arg>
<doc>Types the given ``text`` into the text field identified by ``locator``.</doc>
<msg timestamp="20211202 20:43:36.539" level="INFO">Typing text 'xs' into text field 'id=password'.</msg>
<status status="PASS" starttime="20211202 20:43:36.538" endtime="20211202 20:43:36.731"/>
</kw>
<kw name="Click Element" library="SeleniumLibrary">
<arg>id=login-button</arg>
<doc>Click the element identified by ``locator``.</doc>
<msg timestamp="20211202 20:43:36.731" level="INFO">Clicking element 'id=login-button'.</msg>
<status status="PASS" starttime="20211202 20:43:36.731" endtime="20211202 20:43:36.788"/>
</kw>
<status status="PASS" starttime="20211202 20:43:36.330" endtime="20211202 20:43:36.788"/>
</kw>
<status status="PASS" starttime="20211202 20:43:36.328" endtime="20211202 20:43:36.788"/>
</test>
<test id="s1-t17" name="Login with invalid credentials should failed with CSV">
<kw name="I want to login with invalid credentials">
<arg>standard_user2</arg>
<arg>ssss</arg>
<kw name="Input Text" library="SeleniumLibrary">
<arg>id=user-name</arg>
<arg>${username}</arg>
<doc>Types the given ``text`` into the text field identified by ``locator``.</doc>
<msg timestamp="20211202 20:43:36.793" level="INFO">Typing text 'standard_user2' into text field 'id=user-name'.</msg>
<status status="PASS" starttime="20211202 20:43:36.792" endtime="20211202 20:43:36.994"/>
</kw>
<kw name="Input Text" library="SeleniumLibrary">
<arg>id=password</arg>
<arg>${password}</arg>
<doc>Types the given ``text`` into the text field identified by ``locator``.</doc>
<msg timestamp="20211202 20:43:36.995" level="INFO">Typing text 'ssss' into text field 'id=password'.</msg>
<status status="PASS" starttime="20211202 20:43:36.994" endtime="20211202 20:43:37.133"/>
</kw>
<kw name="Click Element" library="SeleniumLibrary">
<arg>id=login-button</arg>
<doc>Click the element identified by ``locator``.</doc>
<msg timestamp="20211202 20:43:37.134" level="INFO">Clicking element 'id=login-button'.</msg>
<status status="PASS" starttime="20211202 20:43:37.133" endtime="20211202 20:43:37.188"/>
</kw>
<status status="PASS" starttime="20211202 20:43:36.791" endtime="20211202 20:43:37.188"/>
</kw>
<status status="PASS" starttime="20211202 20:43:36.789" endtime="20211202 20:43:37.188"/>
</test>
<test id="s1-t18" name="Login with invalid credentials should failed with CSV">
<kw name="I want to login with invalid credentials">
<arg>standard_user3</arg>
<arg>sw3s</arg>
<kw name="Input Text" library="SeleniumLibrary">
<arg>id=user-name</arg>
<arg>${username}</arg>
<doc>Types the given ``text`` into the text field identified by ``locator``.</doc>
<msg timestamp="20211202 20:43:37.192" level="INFO">Typing text 'standard_user3' into text field 'id=user-name'.</msg>
<status status="PASS" starttime="20211202 20:43:37.192" endtime="20211202 20:43:37.420"/>
</kw>
<kw name="Input Text" library="SeleniumLibrary">
<arg>id=password</arg>
<arg>${password}</arg>
<doc>Types the given ``text`` into the text field identified by ``locator``.</doc>
<msg timestamp="20211202 20:43:37.421" level="INFO">Typing text 'sw3s' into text field 'id=password'.</msg>
<status status="PASS" starttime="20211202 20:43:37.420" endtime="20211202 20:43:37.547"/>
</kw>
<kw name="Click Element" library="SeleniumLibrary">
<arg>id=login-button</arg>
<doc>Click the element identified by ``locator``.</doc>
<msg timestamp="20211202 20:43:37.547" level="INFO">Clicking element 'id=login-button'.</msg>
<status status="PASS" starttime="20211202 20:43:37.547" endtime="20211202 20:43:37.610"/>
</kw>
<status status="PASS" starttime="20211202 20:43:37.191" endtime="20211202 20:43:37.610"/>
</kw>
<status status="PASS" starttime="20211202 20:43:37.189" endtime="20211202 20:43:37.614"/>
</test>
<test id="s1-t19" name="Login with invalid credentials should failed with CSV">
<kw name="I want to login with invalid credentials">
<arg>standard_user4</arg>
<arg>sdas</arg>
<kw name="Input Text" library="SeleniumLibrary">
<arg>id=user-name</arg>
<arg>${username}</arg>
<doc>Types the given ``text`` into the text field identified by ``locator``.</doc>
<msg timestamp="20211202 20:43:37.630" level="INFO">Typing text 'standard_user4' into text field 'id=user-name'.</msg>
<status status="PASS" starttime="20211202 20:43:37.629" endtime="20211202 20:43:37.859"/>
</kw>
<kw name="Input Text" library="SeleniumLibrary">
<arg>id=password</arg>
<arg>${password}</arg>
<doc>Types the given ``text`` into the text field identified by ``locator``.</doc>
<msg timestamp="20211202 20:43:37.860" level="INFO">Typing text 'sdas' into text field 'id=password'.</msg>
<status status="PASS" starttime="20211202 20:43:37.860" endtime="20211202 20:43:37.989"/>
</kw>
<kw name="Click Element" library="SeleniumLibrary">
<arg>id=login-button</arg>
<doc>Click the element identified by ``locator``.</doc>
<msg timestamp="20211202 20:43:37.990" level="INFO">Clicking element 'id=login-button'.</msg>
<status status="PASS" starttime="20211202 20:43:37.990" endtime="20211202 20:43:38.040"/>
</kw>
<status status="PASS" starttime="20211202 20:43:37.629" endtime="20211202 20:43:38.041"/>
</kw>
<status status="PASS" starttime="20211202 20:43:37.624" endtime="20211202 20:43:38.043"/>
</test>
<test id="s1-t20" name="Login with invalid credentials should failed with CSV">
<kw name="I want to login with invalid credentials">
<arg>standard_user5</arg>
<arg>sdas</arg>
<kw name="Input Text" library="SeleniumLibrary">
<arg>id=user-name</arg>
<arg>${username}</arg>
<doc>Types the given ``text`` into the text field identified by ``locator``.</doc>
<msg timestamp="20211202 20:43:38.058" level="INFO">Typing text 'standard_user5' into text field 'id=user-name'.</msg>
<status status="PASS" starttime="20211202 20:43:38.057" endtime="20211202 20:43:38.256"/>
</kw>
<kw name="Input Text" library="SeleniumLibrary">
<arg>id=password</arg>
<arg>${password}</arg>
<doc>Types the given ``text`` into the text field identified by ``locator``.</doc>
<msg timestamp="20211202 20:43:38.257" level="INFO">Typing text 'sdas' into text field 'id=password'.</msg>
<status status="PASS" starttime="20211202 20:43:38.256" endtime="20211202 20:43:38.359"/>
</kw>
<kw name="Click Element" library="SeleniumLibrary">
<arg>id=login-button</arg>
<doc>Click the element identified by ``locator``.</doc>
<msg timestamp="20211202 20:43:38.359" level="INFO">Clicking element 'id=login-button'.</msg>
<status status="PASS" starttime="20211202 20:43:38.359" endtime="20211202 20:43:38.430"/>
</kw>
<status status="PASS" starttime="20211202 20:43:38.056" endtime="20211202 20:43:38.430"/>
</kw>
<status status="PASS" starttime="20211202 20:43:38.049" endtime="20211202 20:43:38.430"/>
</test>
<kw name="Close Browser" library="SeleniumLibrary" type="TEARDOWN">
<doc>Closes the current browser.</doc>
<status status="PASS" starttime="20211202 20:43:38.445" endtime="20211202 20:43:38.821"/>
</kw>
<status status="PASS" starttime="20211202 20:43:21.703" endtime="20211202 20:43:38.821"/>
</suite>
<statistics>
<total>
<stat pass="20" fail="0" skip="0">All Tests</stat>
</total>
<tag>
</tag>
<suite>
<stat pass="20" fail="0" skip="0" id="s1" name="TestLogin">TestLogin</stat>
</suite>
</statistics>
<errors>
<msg timestamp="20211202 20:43:28.310" level="WARN">Multiple test cases with name 'Login with invalid credentials should failed with CSV' executed in test suite 'TestLogin'.</msg>
<msg timestamp="20211202 20:43:29.075" level="WARN">Multiple test cases with name 'Login with invalid credentials should failed with CSV' executed in test suite 'TestLogin'.</msg>
<msg timestamp="20211202 20:43:29.653" level="WARN">Multiple test cases with name 'Login with invalid credentials should failed with CSV' executed in test suite 'TestLogin'.</msg>
<msg timestamp="20211202 20:43:30.279" level="WARN">Multiple test cases with name 'Login with invalid credentials should failed with CSV' executed in test suite 'TestLogin'.</msg>
<msg timestamp="20211202 20:43:30.824" level="WARN">Multiple test cases with name 'Login with invalid credentials should failed with CSV' executed in test suite 'TestLogin'.</msg>
<msg timestamp="20211202 20:43:31.629" level="WARN">Multiple test cases with name 'Login with invalid credentials should failed with CSV' executed in test suite 'TestLogin'.</msg>
<msg timestamp="20211202 20:43:32.375" level="WARN">Multiple test cases with name 'Login with invalid credentials should failed with CSV' executed in test suite 'TestLogin'.</msg>
<msg timestamp="20211202 20:43:33.040" level="WARN">Multiple test cases with name 'Login with invalid credentials should failed with CSV' executed in test suite 'TestLogin'.</msg>
<msg timestamp="20211202 20:43:33.724" level="WARN">Multiple test cases with name 'Login with invalid credentials should failed with CSV' executed in test suite 'TestLogin'.</msg>
<msg timestamp="20211202 20:43:34.377" level="WARN">Multiple test cases with name 'Login with invalid credentials should failed with CSV' executed in test suite 'TestLogin'.</msg>
<msg timestamp="20211202 20:43:34.766" level="WARN">Multiple test cases with name 'Login with invalid credentials should failed with CSV' executed in test suite 'TestLogin'.</msg>
<msg timestamp="20211202 20:43:35.188" level="WARN">Multiple test cases with name 'Login with invalid credentials should failed with CSV' executed in test suite 'TestLogin'.</msg>
<msg timestamp="20211202 20:43:35.554" level="WARN">Multiple test cases with name 'Login with invalid credentials should failed with CSV' executed in test suite 'TestLogin'.</msg>
<msg timestamp="20211202 20:43:35.970" level="WARN">Multiple test cases with name 'Login with invalid credentials should failed with CSV' executed in test suite 'TestLogin'.</msg>
<msg timestamp="20211202 20:43:36.328" level="WARN">Multiple test cases with name 'Login with invalid credentials should failed with CSV' executed in test suite 'TestLogin'.</msg>
<msg timestamp="20211202 20:43:36.789" level="WARN">Multiple test cases with name 'Login with invalid credentials should failed with CSV' executed in test suite 'TestLogin'.</msg>
<msg timestamp="20211202 20:43:37.189" level="WARN">Multiple test cases with name 'Login with invalid credentials should failed with CSV' executed in test suite 'TestLogin'.</msg>
<msg timestamp="20211202 20:43:37.622" level="WARN">Multiple test cases with name 'Login with invalid credentials should failed with CSV' executed in test suite 'TestLogin'.</msg>
<msg timestamp="20211202 20:43:38.049" level="WARN">Multiple test cases with name 'Login with invalid credentials should failed with CSV' executed in test suite 'TestLogin'.</msg>
</errors>
</robot>
