<?xml version="1.0" encoding="UTF-8"?>
<robot generator="Robot 4.1.2 (Python 3.9.7 on darwin)" generated="20211202 21:16:39.095" rpa="false" schemaversion="2">
<suite id="s1" name="Login Step" source="/Users/mac/Documents/TEST/Belajar-Robot-Framework/Step/login_step.robot">
<kw name="Open Browser" library="SeleniumLibrary" type="SETUP">
<arg>${WebSauceDemo}</arg>
<arg>${BROWSER}</arg>
<doc>Opens a new browser instance to the optional ``url``.</doc>
<msg timestamp="20211202 21:16:39.678" level="INFO">Opening browser 'chrome' to base url 'https://www.saucedemo.com/'.</msg>
<status status="PASS" starttime="20211202 21:16:39.678" endtime="20211202 21:16:46.525"/>
</kw>
<test id="s1-t1" name="Step Login with invalid credentials">
<kw name="Step Login with invalid credentials">
<arg>standard_user1</arg>
<arg>xs</arg>
<kw name="Input Username" library="login_page">
<arg>${username}</arg>
<kw name="Input Text" library="SeleniumLibrary">
<arg>${txtUsername}</arg>
<arg>${username}</arg>
<doc>Types the given ``text`` into the text field identified by ``locator``.</doc>
<msg timestamp="20211202 21:16:46.540" level="INFO">Typing text 'standard_user1' into text field 'user-name'.</msg>
<status status="PASS" starttime="20211202 21:16:46.534" endtime="20211202 21:16:47.144"/>
</kw>
<status status="PASS" starttime="20211202 21:16:46.533" endtime="20211202 21:16:47.144"/>
</kw>
<kw name="Input Password" library="login_page">
<arg>${password}</arg>
<kw name="Input Text" library="SeleniumLibrary">
<arg>${txtPassword}</arg>
<arg>${password}</arg>
<doc>Types the given ``text`` into the text field identified by ``locator``.</doc>
<msg timestamp="20211202 21:16:47.145" level="INFO">Typing text 'xs' into text field 'password'.</msg>
<status status="PASS" starttime="20211202 21:16:47.145" endtime="20211202 21:16:47.318"/>
</kw>
<status status="PASS" starttime="20211202 21:16:47.144" endtime="20211202 21:16:47.319"/>
</kw>
<kw name="Click button login" library="login_page">
<kw name="Click Element" library="SeleniumLibrary">
<arg>${btnLogin}</arg>
<doc>Click the element identified by ``locator``.</doc>
<msg timestamp="20211202 21:16:47.322" level="INFO">Clicking element 'login-button'.</msg>
<status status="PASS" starttime="20211202 21:16:47.321" endtime="20211202 21:16:47.517"/>
</kw>
<kw name="Sleep" library="BuiltIn">
<arg>2s</arg>
<doc>Pauses the test executed for the given time.</doc>
<msg timestamp="20211202 21:16:49.520" level="INFO">Slept 2 seconds</msg>
<status status="PASS" starttime="20211202 21:16:47.518" endtime="20211202 21:16:49.521"/>
</kw>
<status status="PASS" starttime="20211202 21:16:47.319" endtime="20211202 21:16:49.521"/>
</kw>
<kw name="Should showing error login" library="login_page">
<kw name="Page Should Contain" library="SeleniumLibrary">
<arg>Username and password do not match any user in this service</arg>
<doc>Verifies that current page contains ``text``.</doc>
<msg timestamp="20211202 21:16:49.547" level="INFO">Current page contains text 'Username and password do not match any user in this service'.</msg>
<status status="PASS" starttime="20211202 21:16:49.522" endtime="20211202 21:16:49.547"/>
</kw>
<status status="PASS" starttime="20211202 21:16:49.521" endtime="20211202 21:16:49.547"/>
</kw>
<status status="PASS" starttime="20211202 21:16:46.532" endtime="20211202 21:16:49.548"/>
</kw>
<status status="PASS" starttime="20211202 21:16:46.526" endtime="20211202 21:16:49.549"/>
</test>
<test id="s1-t2" name="Step Login with invalid credentials">
<kw name="Step Login with invalid credentials">
<arg>standard_user2</arg>
<arg>ssss</arg>
<kw name="Input Username" library="login_page">
<arg>${username}</arg>
<kw name="Input Text" library="SeleniumLibrary">
<arg>${txtUsername}</arg>
<arg>${username}</arg>
<doc>Types the given ``text`` into the text field identified by ``locator``.</doc>
<msg timestamp="20211202 21:16:49.556" level="INFO">Typing text 'standard_user2' into text field 'user-name'.</msg>
<status status="PASS" starttime="20211202 21:16:49.556" endtime="20211202 21:16:49.975"/>
</kw>
<status status="PASS" starttime="20211202 21:16:49.555" endtime="20211202 21:16:49.975"/>
</kw>
<kw name="Input Password" library="login_page">
<arg>${password}</arg>
<kw name="Input Text" library="SeleniumLibrary">
<arg>${txtPassword}</arg>
<arg>${password}</arg>
<doc>Types the given ``text`` into the text field identified by ``locator``.</doc>
<msg timestamp="20211202 21:16:49.977" level="INFO">Typing text 'ssss' into text field 'password'.</msg>
<status status="PASS" starttime="20211202 21:16:49.976" endtime="20211202 21:16:50.175"/>
</kw>
<status status="PASS" starttime="20211202 21:16:49.975" endtime="20211202 21:16:50.175"/>
</kw>
<kw name="Click button login" library="login_page">
<kw name="Click Element" library="SeleniumLibrary">
<arg>${btnLogin}</arg>
<doc>Click the element identified by ``locator``.</doc>
<msg timestamp="20211202 21:16:50.177" level="INFO">Clicking element 'login-button'.</msg>
<status status="PASS" starttime="20211202 21:16:50.176" endtime="20211202 21:16:50.246"/>
</kw>
<kw name="Sleep" library="BuiltIn">
<arg>2s</arg>
<doc>Pauses the test executed for the given time.</doc>
<msg timestamp="20211202 21:16:52.248" level="INFO">Slept 2 seconds</msg>
<status status="PASS" starttime="20211202 21:16:50.247" endtime="20211202 21:16:52.248"/>
</kw>
<status status="PASS" starttime="20211202 21:16:50.175" endtime="20211202 21:16:52.249"/>
</kw>
<kw name="Should showing error login" library="login_page">
<kw name="Page Should Contain" library="SeleniumLibrary">
<arg>Username and password do not match any user in this service</arg>
<doc>Verifies that current page contains ``text``.</doc>
<msg timestamp="20211202 21:16:52.267" level="INFO">Current page contains text 'Username and password do not match any user in this service'.</msg>
<status status="PASS" starttime="20211202 21:16:52.250" endtime="20211202 21:16:52.267"/>
</kw>
<status status="PASS" starttime="20211202 21:16:52.250" endtime="20211202 21:16:52.268"/>
</kw>
<status status="PASS" starttime="20211202 21:16:49.554" endtime="20211202 21:16:52.268"/>
</kw>
<status status="PASS" starttime="20211202 21:16:49.550" endtime="20211202 21:16:52.268"/>
</test>
<test id="s1-t3" name="Step Login with invalid credentials">
<kw name="Step Login with invalid credentials">
<arg>standard_user3</arg>
<arg>sw3s</arg>
<kw name="Input Username" library="login_page">
<arg>${username}</arg>
<kw name="Input Text" library="SeleniumLibrary">
<arg>${txtUsername}</arg>
<arg>${username}</arg>
<doc>Types the given ``text`` into the text field identified by ``locator``.</doc>
<msg timestamp="20211202 21:16:52.275" level="INFO">Typing text 'standard_user3' into text field 'user-name'.</msg>
<status status="PASS" starttime="20211202 21:16:52.274" endtime="20211202 21:16:52.512"/>
</kw>
<status status="PASS" starttime="20211202 21:16:52.273" endtime="20211202 21:16:52.513"/>
</kw>
<kw name="Input Password" library="login_page">
<arg>${password}</arg>
<kw name="Input Text" library="SeleniumLibrary">
<arg>${txtPassword}</arg>
<arg>${password}</arg>
<doc>Types the given ``text`` into the text field identified by ``locator``.</doc>
<msg timestamp="20211202 21:16:52.515" level="INFO">Typing text 'sw3s' into text field 'password'.</msg>
<status status="PASS" starttime="20211202 21:16:52.514" endtime="20211202 21:16:52.711"/>
</kw>
<status status="PASS" starttime="20211202 21:16:52.513" endtime="20211202 21:16:52.711"/>
</kw>
<kw name="Click button login" library="login_page">
<kw name="Click Element" library="SeleniumLibrary">
<arg>${btnLogin}</arg>
<doc>Click the element identified by ``locator``.</doc>
<msg timestamp="20211202 21:16:52.713" level="INFO">Clicking element 'login-button'.</msg>
<status status="PASS" starttime="20211202 21:16:52.712" endtime="20211202 21:16:52.785"/>
</kw>
<kw name="Sleep" library="BuiltIn">
<arg>2s</arg>
<doc>Pauses the test executed for the given time.</doc>
<msg timestamp="20211202 21:16:54.786" level="INFO">Slept 2 seconds</msg>
<status status="PASS" starttime="20211202 21:16:52.785" endtime="20211202 21:16:54.786"/>
</kw>
<status status="PASS" starttime="20211202 21:16:52.712" endtime="20211202 21:16:54.787"/>
</kw>
<kw name="Should showing error login" library="login_page">
<kw name="Page Should Contain" library="SeleniumLibrary">
<arg>Username and password do not match any user in this service</arg>
<doc>Verifies that current page contains ``text``.</doc>
<msg timestamp="20211202 21:16:54.798" level="INFO">Current page contains text 'Username and password do not match any user in this service'.</msg>
<status status="PASS" starttime="20211202 21:16:54.787" endtime="20211202 21:16:54.798"/>
</kw>
<status status="PASS" starttime="20211202 21:16:54.787" endtime="20211202 21:16:54.798"/>
</kw>
<status status="PASS" starttime="20211202 21:16:52.273" endtime="20211202 21:16:54.798"/>
</kw>
<status status="PASS" starttime="20211202 21:16:52.270" endtime="20211202 21:16:54.798"/>
</test>
<test id="s1-t4" name="Step Login with invalid credentials">
<kw name="Step Login with invalid credentials">
<arg>standard_user4</arg>
<arg>sdas</arg>
<kw name="Input Username" library="login_page">
<arg>${username}</arg>
<kw name="Input Text" library="SeleniumLibrary">
<arg>${txtUsername}</arg>
<arg>${username}</arg>
<doc>Types the given ``text`` into the text field identified by ``locator``.</doc>
<msg timestamp="20211202 21:16:54.803" level="INFO">Typing text 'standard_user4' into text field 'user-name'.</msg>
<status status="PASS" starttime="20211202 21:16:54.803" endtime="20211202 21:16:55.066"/>
</kw>
<status status="PASS" starttime="20211202 21:16:54.802" endtime="20211202 21:16:55.066"/>
</kw>
<kw name="Input Password" library="login_page">
<arg>${password}</arg>
<kw name="Input Text" library="SeleniumLibrary">
<arg>${txtPassword}</arg>
<arg>${password}</arg>
<doc>Types the given ``text`` into the text field identified by ``locator``.</doc>
<msg timestamp="20211202 21:16:55.068" level="INFO">Typing text 'sdas' into text field 'password'.</msg>
<status status="PASS" starttime="20211202 21:16:55.067" endtime="20211202 21:16:55.219"/>
</kw>
<status status="PASS" starttime="20211202 21:16:55.066" endtime="20211202 21:16:55.220"/>
</kw>
<kw name="Click button login" library="login_page">
<kw name="Click Element" library="SeleniumLibrary">
<arg>${btnLogin}</arg>
<doc>Click the element identified by ``locator``.</doc>
<msg timestamp="20211202 21:16:55.221" level="INFO">Clicking element 'login-button'.</msg>
<status status="PASS" starttime="20211202 21:16:55.220" endtime="20211202 21:16:55.277"/>
</kw>
<kw name="Sleep" library="BuiltIn">
<arg>2s</arg>
<doc>Pauses the test executed for the given time.</doc>
<msg timestamp="20211202 21:16:57.279" level="INFO">Slept 2 seconds</msg>
<status status="PASS" starttime="20211202 21:16:55.277" endtime="20211202 21:16:57.279"/>
</kw>
<status status="PASS" starttime="20211202 21:16:55.220" endtime="20211202 21:16:57.280"/>
</kw>
<kw name="Should showing error login" library="login_page">
<kw name="Page Should Contain" library="SeleniumLibrary">
<arg>Username and password do not match any user in this service</arg>
<doc>Verifies that current page contains ``text``.</doc>
<msg timestamp="20211202 21:16:57.292" level="INFO">Current page contains text 'Username and password do not match any user in this service'.</msg>
<status status="PASS" starttime="20211202 21:16:57.280" endtime="20211202 21:16:57.292"/>
</kw>
<status status="PASS" starttime="20211202 21:16:57.280" endtime="20211202 21:16:57.293"/>
</kw>
<status status="PASS" starttime="20211202 21:16:54.802" endtime="20211202 21:16:57.293"/>
</kw>
<status status="PASS" starttime="20211202 21:16:54.800" endtime="20211202 21:16:57.293"/>
</test>
<test id="s1-t5" name="Step Login with invalid credentials">
<kw name="Step Login with invalid credentials">
<arg>standard_user5</arg>
<arg>sdas</arg>
<kw name="Input Username" library="login_page">
<arg>${username}</arg>
<kw name="Input Text" library="SeleniumLibrary">
<arg>${txtUsername}</arg>
<arg>${username}</arg>
<doc>Types the given ``text`` into the text field identified by ``locator``.</doc>
<msg timestamp="20211202 21:16:57.299" level="INFO">Typing text 'standard_user5' into text field 'user-name'.</msg>
<status status="PASS" starttime="20211202 21:16:57.298" endtime="20211202 21:16:57.564"/>
</kw>
<status status="PASS" starttime="20211202 21:16:57.297" endtime="20211202 21:16:57.564"/>
</kw>
<kw name="Input Password" library="login_page">
<arg>${password}</arg>
<kw name="Input Text" library="SeleniumLibrary">
<arg>${txtPassword}</arg>
<arg>${password}</arg>
<doc>Types the given ``text`` into the text field identified by ``locator``.</doc>
<msg timestamp="20211202 21:16:57.565" level="INFO">Typing text 'sdas' into text field 'password'.</msg>
<status status="PASS" starttime="20211202 21:16:57.565" endtime="20211202 21:16:57.721"/>
</kw>
<status status="PASS" starttime="20211202 21:16:57.564" endtime="20211202 21:16:57.721"/>
</kw>
<kw name="Click button login" library="login_page">
<kw name="Click Element" library="SeleniumLibrary">
<arg>${btnLogin}</arg>
<doc>Click the element identified by ``locator``.</doc>
<msg timestamp="20211202 21:16:57.724" level="INFO">Clicking element 'login-button'.</msg>
<status status="PASS" starttime="20211202 21:16:57.723" endtime="20211202 21:16:57.765"/>
</kw>
<kw name="Sleep" library="BuiltIn">
<arg>2s</arg>
<doc>Pauses the test executed for the given time.</doc>
<msg timestamp="20211202 21:16:59.767" level="INFO">Slept 2 seconds</msg>
<status status="PASS" starttime="20211202 21:16:57.765" endtime="20211202 21:16:59.768"/>
</kw>
<status status="PASS" starttime="20211202 21:16:57.722" endtime="20211202 21:16:59.768"/>
</kw>
<kw name="Should showing error login" library="login_page">
<kw name="Page Should Contain" library="SeleniumLibrary">
<arg>Username and password do not match any user in this service</arg>
<doc>Verifies that current page contains ``text``.</doc>
<msg timestamp="20211202 21:16:59.791" level="INFO">Current page contains text 'Username and password do not match any user in this service'.</msg>
<status status="PASS" starttime="20211202 21:16:59.769" endtime="20211202 21:16:59.791"/>
</kw>
<status status="PASS" starttime="20211202 21:16:59.768" endtime="20211202 21:16:59.791"/>
</kw>
<status status="PASS" starttime="20211202 21:16:57.296" endtime="20211202 21:16:59.791"/>
</kw>
<status status="PASS" starttime="20211202 21:16:57.294" endtime="20211202 21:16:59.792"/>
</test>
<test id="s1-t6" name="Step Login with invalid credentials">
<kw name="Step Login with invalid credentials">
<arg>standard_user1</arg>
<arg>xs</arg>
<kw name="Input Username" library="login_page">
<arg>${username}</arg>
<kw name="Input Text" library="SeleniumLibrary">
<arg>${txtUsername}</arg>
<arg>${username}</arg>
<doc>Types the given ``text`` into the text field identified by ``locator``.</doc>
<msg timestamp="20211202 21:16:59.796" level="INFO">Typing text 'standard_user1' into text field 'user-name'.</msg>
<status status="PASS" starttime="20211202 21:16:59.796" endtime="20211202 21:17:00.028"/>
</kw>
<status status="PASS" starttime="20211202 21:16:59.795" endtime="20211202 21:17:00.029"/>
</kw>
<kw name="Input Password" library="login_page">
<arg>${password}</arg>
<kw name="Input Text" library="SeleniumLibrary">
<arg>${txtPassword}</arg>
<arg>${password}</arg>
<doc>Types the given ``text`` into the text field identified by ``locator``.</doc>
<msg timestamp="20211202 21:17:00.031" level="INFO">Typing text 'xs' into text field 'password'.</msg>
<status status="PASS" starttime="20211202 21:17:00.030" endtime="20211202 21:17:00.169"/>
</kw>
<status status="PASS" starttime="20211202 21:17:00.029" endtime="20211202 21:17:00.170"/>
</kw>
<kw name="Click button login" library="login_page">
<kw name="Click Element" library="SeleniumLibrary">
<arg>${btnLogin}</arg>
<doc>Click the element identified by ``locator``.</doc>
<msg timestamp="20211202 21:17:00.172" level="INFO">Clicking element 'login-button'.</msg>
<status status="PASS" starttime="20211202 21:17:00.171" endtime="20211202 21:17:00.230"/>
</kw>
<kw name="Sleep" library="BuiltIn">
<arg>2s</arg>
<doc>Pauses the test executed for the given time.</doc>
<msg timestamp="20211202 21:17:02.231" level="INFO">Slept 2 seconds</msg>
<status status="PASS" starttime="20211202 21:17:00.230" endtime="20211202 21:17:02.232"/>
</kw>
<status status="PASS" starttime="20211202 21:17:00.170" endtime="20211202 21:17:02.232"/>
</kw>
<kw name="Should showing error login" library="login_page">
<kw name="Page Should Contain" library="SeleniumLibrary">
<arg>Username and password do not match any user in this service</arg>
<doc>Verifies that current page contains ``text``.</doc>
<msg timestamp="20211202 21:17:02.247" level="INFO">Current page contains text 'Username and password do not match any user in this service'.</msg>
<status status="PASS" starttime="20211202 21:17:02.233" endtime="20211202 21:17:02.247"/>
</kw>
<status status="PASS" starttime="20211202 21:17:02.232" endtime="20211202 21:17:02.247"/>
</kw>
<status status="PASS" starttime="20211202 21:16:59.795" endtime="20211202 21:17:02.248"/>
</kw>
<status status="PASS" starttime="20211202 21:16:59.793" endtime="20211202 21:17:02.248"/>
</test>
<test id="s1-t7" name="Step Login with invalid credentials">
<kw name="Step Login with invalid credentials">
<arg>standard_user2</arg>
<arg>ssss</arg>
<kw name="Input Username" library="login_page">
<arg>${username}</arg>
<kw name="Input Text" library="SeleniumLibrary">
<arg>${txtUsername}</arg>
<arg>${username}</arg>
<doc>Types the given ``text`` into the text field identified by ``locator``.</doc>
<msg timestamp="20211202 21:17:02.253" level="INFO">Typing text 'standard_user2' into text field 'user-name'.</msg>
<status status="PASS" starttime="20211202 21:17:02.253" endtime="20211202 21:17:02.477"/>
</kw>
<status status="PASS" starttime="20211202 21:17:02.252" endtime="20211202 21:17:02.477"/>
</kw>
<kw name="Input Password" library="login_page">
<arg>${password}</arg>
<kw name="Input Text" library="SeleniumLibrary">
<arg>${txtPassword}</arg>
<arg>${password}</arg>
<doc>Types the given ``text`` into the text field identified by ``locator``.</doc>
<msg timestamp="20211202 21:17:02.478" level="INFO">Typing text 'ssss' into text field 'password'.</msg>
<status status="PASS" starttime="20211202 21:17:02.478" endtime="20211202 21:17:02.618"/>
</kw>
<status status="PASS" starttime="20211202 21:17:02.477" endtime="20211202 21:17:02.618"/>
</kw>
<kw name="Click button login" library="login_page">
<kw name="Click Element" library="SeleniumLibrary">
<arg>${btnLogin}</arg>
<doc>Click the element identified by ``locator``.</doc>
<msg timestamp="20211202 21:17:02.620" level="INFO">Clicking element 'login-button'.</msg>
<status status="PASS" starttime="20211202 21:17:02.620" endtime="20211202 21:17:02.718"/>
</kw>
<kw name="Sleep" library="BuiltIn">
<arg>2s</arg>
<doc>Pauses the test executed for the given time.</doc>
<msg timestamp="20211202 21:17:04.721" level="INFO">Slept 2 seconds</msg>
<status status="PASS" starttime="20211202 21:17:02.718" endtime="20211202 21:17:04.721"/>
</kw>
<status status="PASS" starttime="20211202 21:17:02.618" endtime="20211202 21:17:04.721"/>
</kw>
<kw name="Should showing error login" library="login_page">
<kw name="Page Should Contain" library="SeleniumLibrary">
<arg>Username and password do not match any user in this service</arg>
<doc>Verifies that current page contains ``text``.</doc>
<msg timestamp="20211202 21:17:04.741" level="INFO">Current page contains text 'Username and password do not match any user in this service'.</msg>
<status status="PASS" starttime="20211202 21:17:04.722" endtime="20211202 21:17:04.741"/>
</kw>
<status status="PASS" starttime="20211202 21:17:04.721" endtime="20211202 21:17:04.741"/>
</kw>
<status status="PASS" starttime="20211202 21:17:02.251" endtime="20211202 21:17:04.741"/>
</kw>
<status status="PASS" starttime="20211202 21:17:02.249" endtime="20211202 21:17:04.742"/>
</test>
<test id="s1-t8" name="Step Login with invalid credentials">
<kw name="Step Login with invalid credentials">
<arg>standard_user3</arg>
<arg>sw3s</arg>
<kw name="Input Username" library="login_page">
<arg>${username}</arg>
<kw name="Input Text" library="SeleniumLibrary">
<arg>${txtUsername}</arg>
<arg>${username}</arg>
<doc>Types the given ``text`` into the text field identified by ``locator``.</doc>
<msg timestamp="20211202 21:17:04.747" level="INFO">Typing text 'standard_user3' into text field 'user-name'.</msg>
<status status="PASS" starttime="20211202 21:17:04.746" endtime="20211202 21:17:05.002"/>
</kw>
<status status="PASS" starttime="20211202 21:17:04.746" endtime="20211202 21:17:05.002"/>
</kw>
<kw name="Input Password" library="login_page">
<arg>${password}</arg>
<kw name="Input Text" library="SeleniumLibrary">
<arg>${txtPassword}</arg>
<arg>${password}</arg>
<doc>Types the given ``text`` into the text field identified by ``locator``.</doc>
<msg timestamp="20211202 21:17:05.004" level="INFO">Typing text 'sw3s' into text field 'password'.</msg>
<status status="PASS" starttime="20211202 21:17:05.003" endtime="20211202 21:17:05.146"/>
</kw>
<status status="PASS" starttime="20211202 21:17:05.002" endtime="20211202 21:17:05.147"/>
</kw>
<kw name="Click button login" library="login_page">
<kw name="Click Element" library="SeleniumLibrary">
<arg>${btnLogin}</arg>
<doc>Click the element identified by ``locator``.</doc>
<msg timestamp="20211202 21:17:05.148" level="INFO">Clicking element 'login-button'.</msg>
<status status="PASS" starttime="20211202 21:17:05.147" endtime="20211202 21:17:05.213"/>
</kw>
<kw name="Sleep" library="BuiltIn">
<arg>2s</arg>
<doc>Pauses the test executed for the given time.</doc>
<msg timestamp="20211202 21:17:07.215" level="INFO">Slept 2 seconds</msg>
<status status="PASS" starttime="20211202 21:17:05.214" endtime="20211202 21:17:07.216"/>
</kw>
<status status="PASS" starttime="20211202 21:17:05.147" endtime="20211202 21:17:07.216"/>
</kw>
<kw name="Should showing error login" library="login_page">
<kw name="Page Should Contain" library="SeleniumLibrary">
<arg>Username and password do not match any user in this service</arg>
<doc>Verifies that current page contains ``text``.</doc>
<msg timestamp="20211202 21:17:07.228" level="INFO">Current page contains text 'Username and password do not match any user in this service'.</msg>
<status status="PASS" starttime="20211202 21:17:07.216" endtime="20211202 21:17:07.228"/>
</kw>
<status status="PASS" starttime="20211202 21:17:07.216" endtime="20211202 21:17:07.228"/>
</kw>
<status status="PASS" starttime="20211202 21:17:04.745" endtime="20211202 21:17:07.229"/>
</kw>
<status status="PASS" starttime="20211202 21:17:04.742" endtime="20211202 21:17:07.229"/>
</test>
<test id="s1-t9" name="Step Login with invalid credentials">
<kw name="Step Login with invalid credentials">
<arg>standard_user4</arg>
<arg>sdas</arg>
<kw name="Input Username" library="login_page">
<arg>${username}</arg>
<kw name="Input Text" library="SeleniumLibrary">
<arg>${txtUsername}</arg>
<arg>${username}</arg>
<doc>Types the given ``text`` into the text field identified by ``locator``.</doc>
<msg timestamp="20211202 21:17:07.235" level="INFO">Typing text 'standard_user4' into text field 'user-name'.</msg>
<status status="PASS" starttime="20211202 21:17:07.235" endtime="20211202 21:17:07.456"/>
</kw>
<status status="PASS" starttime="20211202 21:17:07.234" endtime="20211202 21:17:07.457"/>
</kw>
<kw name="Input Password" library="login_page">
<arg>${password}</arg>
<kw name="Input Text" library="SeleniumLibrary">
<arg>${txtPassword}</arg>
<arg>${password}</arg>
<doc>Types the given ``text`` into the text field identified by ``locator``.</doc>
<msg timestamp="20211202 21:17:07.459" level="INFO">Typing text 'sdas' into text field 'password'.</msg>
<status status="PASS" starttime="20211202 21:17:07.458" endtime="20211202 21:17:07.649"/>
</kw>
<status status="PASS" starttime="20211202 21:17:07.457" endtime="20211202 21:17:07.650"/>
</kw>
<kw name="Click button login" library="login_page">
<kw name="Click Element" library="SeleniumLibrary">
<arg>${btnLogin}</arg>
<doc>Click the element identified by ``locator``.</doc>
<msg timestamp="20211202 21:17:07.654" level="INFO">Clicking element 'login-button'.</msg>
<status status="PASS" starttime="20211202 21:17:07.651" endtime="20211202 21:17:07.709"/>
</kw>
<kw name="Sleep" library="BuiltIn">
<arg>2s</arg>
<doc>Pauses the test executed for the given time.</doc>
<msg timestamp="20211202 21:17:09.710" level="INFO">Slept 2 seconds</msg>
<status status="PASS" starttime="20211202 21:17:07.709" endtime="20211202 21:17:09.711"/>
</kw>
<status status="PASS" starttime="20211202 21:17:07.650" endtime="20211202 21:17:09.711"/>
</kw>
<kw name="Should showing error login" library="login_page">
<kw name="Page Should Contain" library="SeleniumLibrary">
<arg>Username and password do not match any user in this service</arg>
<doc>Verifies that current page contains ``text``.</doc>
<msg timestamp="20211202 21:17:09.726" level="INFO">Current page contains text 'Username and password do not match any user in this service'.</msg>
<status status="PASS" starttime="20211202 21:17:09.711" endtime="20211202 21:17:09.726"/>
</kw>
<status status="PASS" starttime="20211202 21:17:09.711" endtime="20211202 21:17:09.726"/>
</kw>
<status status="PASS" starttime="20211202 21:17:07.233" endtime="20211202 21:17:09.726"/>
</kw>
<status status="PASS" starttime="20211202 21:17:07.230" endtime="20211202 21:17:09.727"/>
</test>
<test id="s1-t10" name="Step Login with invalid credentials">
<kw name="Step Login with invalid credentials">
<arg>standard_user5</arg>
<arg>sdas</arg>
<kw name="Input Username" library="login_page">
<arg>${username}</arg>
<kw name="Input Text" library="SeleniumLibrary">
<arg>${txtUsername}</arg>
<arg>${username}</arg>
<doc>Types the given ``text`` into the text field identified by ``locator``.</doc>
<msg timestamp="20211202 21:17:09.742" level="INFO">Typing text 'standard_user5' into text field 'user-name'.</msg>
<status status="PASS" starttime="20211202 21:17:09.737" endtime="20211202 21:17:09.990"/>
</kw>
<status status="PASS" starttime="20211202 21:17:09.735" endtime="20211202 21:17:09.990"/>
</kw>
<kw name="Input Password" library="login_page">
<arg>${password}</arg>
<kw name="Input Text" library="SeleniumLibrary">
<arg>${txtPassword}</arg>
<arg>${password}</arg>
<doc>Types the given ``text`` into the text field identified by ``locator``.</doc>
<msg timestamp="20211202 21:17:09.991" level="INFO">Typing text 'sdas' into text field 'password'.</msg>
<status status="PASS" starttime="20211202 21:17:09.991" endtime="20211202 21:17:10.167"/>
</kw>
<status status="PASS" starttime="20211202 21:17:09.990" endtime="20211202 21:17:10.167"/>
</kw>
<kw name="Click button login" library="login_page">
<kw name="Click Element" library="SeleniumLibrary">
<arg>${btnLogin}</arg>
<doc>Click the element identified by ``locator``.</doc>
<msg timestamp="20211202 21:17:10.169" level="INFO">Clicking element 'login-button'.</msg>
<status status="PASS" starttime="20211202 21:17:10.168" endtime="20211202 21:17:10.223"/>
</kw>
<kw name="Sleep" library="BuiltIn">
<arg>2s</arg>
<doc>Pauses the test executed for the given time.</doc>
<msg timestamp="20211202 21:17:12.224" level="INFO">Slept 2 seconds</msg>
<status status="PASS" starttime="20211202 21:17:10.224" endtime="20211202 21:17:12.224"/>
</kw>
<status status="PASS" starttime="20211202 21:17:10.168" endtime="20211202 21:17:12.225"/>
</kw>
<kw name="Should showing error login" library="login_page">
<kw name="Page Should Contain" library="SeleniumLibrary">
<arg>Username and password do not match any user in this service</arg>
<doc>Verifies that current page contains ``text``.</doc>
<msg timestamp="20211202 21:17:12.244" level="INFO">Current page contains text 'Username and password do not match any user in this service'.</msg>
<status status="PASS" starttime="20211202 21:17:12.225" endtime="20211202 21:17:12.244"/>
</kw>
<status status="PASS" starttime="20211202 21:17:12.225" endtime="20211202 21:17:12.245"/>
</kw>
<status status="PASS" starttime="20211202 21:17:09.730" endtime="20211202 21:17:12.245"/>
</kw>
<status status="PASS" starttime="20211202 21:17:09.727" endtime="20211202 21:17:12.245"/>
</test>
<test id="s1-t11" name="Step Login with invalid credentials">
<kw name="Step Login with invalid credentials">
<arg>standard_user1</arg>
<arg>xs</arg>
<kw name="Input Username" library="login_page">
<arg>${username}</arg>
<kw name="Input Text" library="SeleniumLibrary">
<arg>${txtUsername}</arg>
<arg>${username}</arg>
<doc>Types the given ``text`` into the text field identified by ``locator``.</doc>
<msg timestamp="20211202 21:17:12.256" level="INFO">Typing text 'standard_user1' into text field 'user-name'.</msg>
<status status="PASS" starttime="20211202 21:17:12.255" endtime="20211202 21:17:12.389"/>
</kw>
<status status="PASS" starttime="20211202 21:17:12.254" endtime="20211202 21:17:12.389"/>
</kw>
<kw name="Input Password" library="login_page">
<arg>${password}</arg>
<kw name="Input Text" library="SeleniumLibrary">
<arg>${txtPassword}</arg>
<arg>${password}</arg>
<doc>Types the given ``text`` into the text field identified by ``locator``.</doc>
<msg timestamp="20211202 21:17:12.391" level="INFO">Typing text 'xs' into text field 'password'.</msg>
<status status="PASS" starttime="20211202 21:17:12.391" endtime="20211202 21:17:12.588"/>
</kw>
<status status="PASS" starttime="20211202 21:17:12.390" endtime="20211202 21:17:12.590"/>
</kw>
<kw name="Click button login" library="login_page">
<kw name="Click Element" library="SeleniumLibrary">
<arg>${btnLogin}</arg>
<doc>Click the element identified by ``locator``.</doc>
<msg timestamp="20211202 21:17:12.591" level="INFO">Clicking element 'login-button'.</msg>
<status status="PASS" starttime="20211202 21:17:12.591" endtime="20211202 21:17:12.706"/>
</kw>
<kw name="Sleep" library="BuiltIn">
<arg>2s</arg>
<doc>Pauses the test executed for the given time.</doc>
<msg timestamp="20211202 21:17:14.707" level="INFO">Slept 2 seconds</msg>
<status status="PASS" starttime="20211202 21:17:12.706" endtime="20211202 21:17:14.707"/>
</kw>
<status status="PASS" starttime="20211202 21:17:12.590" endtime="20211202 21:17:14.707"/>
</kw>
<kw name="Should showing error login" library="login_page">
<kw name="Page Should Contain" library="SeleniumLibrary">
<arg>Username and password do not match any user in this service</arg>
<doc>Verifies that current page contains ``text``.</doc>
<msg timestamp="20211202 21:17:14.721" level="INFO">Current page contains text 'Username and password do not match any user in this service'.</msg>
<status status="PASS" starttime="20211202 21:17:14.708" endtime="20211202 21:17:14.721"/>
</kw>
<status status="PASS" starttime="20211202 21:17:14.707" endtime="20211202 21:17:14.721"/>
</kw>
<status status="PASS" starttime="20211202 21:17:12.253" endtime="20211202 21:17:14.721"/>
</kw>
<status status="PASS" starttime="20211202 21:17:12.246" endtime="20211202 21:17:14.722"/>
</test>
<test id="s1-t12" name="Step Login with invalid credentials">
<kw name="Step Login with invalid credentials">
<arg>standard_user2</arg>
<arg>ssss</arg>
<kw name="Input Username" library="login_page">
<arg>${username}</arg>
<kw name="Input Text" library="SeleniumLibrary">
<arg>${txtUsername}</arg>
<arg>${username}</arg>
<doc>Types the given ``text`` into the text field identified by ``locator``.</doc>
<msg timestamp="20211202 21:17:14.726" level="INFO">Typing text 'standard_user2' into text field 'user-name'.</msg>
<status status="PASS" starttime="20211202 21:17:14.726" endtime="20211202 21:17:14.977"/>
</kw>
<status status="PASS" starttime="20211202 21:17:14.725" endtime="20211202 21:17:14.977"/>
</kw>
<kw name="Input Password" library="login_page">
<arg>${password}</arg>
<kw name="Input Text" library="SeleniumLibrary">
<arg>${txtPassword}</arg>
<arg>${password}</arg>
<doc>Types the given ``text`` into the text field identified by ``locator``.</doc>
<msg timestamp="20211202 21:17:14.979" level="INFO">Typing text 'ssss' into text field 'password'.</msg>
<status status="PASS" starttime="20211202 21:17:14.978" endtime="20211202 21:17:15.152"/>
</kw>
<status status="PASS" starttime="20211202 21:17:14.977" endtime="20211202 21:17:15.153"/>
</kw>
<kw name="Click button login" library="login_page">
<kw name="Click Element" library="SeleniumLibrary">
<arg>${btnLogin}</arg>
<doc>Click the element identified by ``locator``.</doc>
<msg timestamp="20211202 21:17:15.154" level="INFO">Clicking element 'login-button'.</msg>
<status status="PASS" starttime="20211202 21:17:15.154" endtime="20211202 21:17:15.212"/>
</kw>
<kw name="Sleep" library="BuiltIn">
<arg>2s</arg>
<doc>Pauses the test executed for the given time.</doc>
<msg timestamp="20211202 21:17:17.214" level="INFO">Slept 2 seconds</msg>
<status status="PASS" starttime="20211202 21:17:15.212" endtime="20211202 21:17:17.214"/>
</kw>
<status status="PASS" starttime="20211202 21:17:15.153" endtime="20211202 21:17:17.214"/>
</kw>
<kw name="Should showing error login" library="login_page">
<kw name="Page Should Contain" library="SeleniumLibrary">
<arg>Username and password do not match any user in this service</arg>
<doc>Verifies that current page contains ``text``.</doc>
<msg timestamp="20211202 21:17:17.224" level="INFO">Current page contains text 'Username and password do not match any user in this service'.</msg>
<status status="PASS" starttime="20211202 21:17:17.215" endtime="20211202 21:17:17.224"/>
</kw>
<status status="PASS" starttime="20211202 21:17:17.214" endtime="20211202 21:17:17.225"/>
</kw>
<status status="PASS" starttime="20211202 21:17:14.724" endtime="20211202 21:17:17.225"/>
</kw>
<status status="PASS" starttime="20211202 21:17:14.722" endtime="20211202 21:17:17.225"/>
</test>
<test id="s1-t13" name="Step Login with invalid credentials">
<kw name="Step Login with invalid credentials">
<arg>standard_user3</arg>
<arg>sw3s</arg>
<kw name="Input Username" library="login_page">
<arg>${username}</arg>
<kw name="Input Text" library="SeleniumLibrary">
<arg>${txtUsername}</arg>
<arg>${username}</arg>
<doc>Types the given ``text`` into the text field identified by ``locator``.</doc>
<msg timestamp="20211202 21:17:17.232" level="INFO">Typing text 'standard_user3' into text field 'user-name'.</msg>
<status status="PASS" starttime="20211202 21:17:17.232" endtime="20211202 21:17:17.426"/>
</kw>
<status status="PASS" starttime="20211202 21:17:17.230" endtime="20211202 21:17:17.426"/>
</kw>
<kw name="Input Password" library="login_page">
<arg>${password}</arg>
<kw name="Input Text" library="SeleniumLibrary">
<arg>${txtPassword}</arg>
<arg>${password}</arg>
<doc>Types the given ``text`` into the text field identified by ``locator``.</doc>
<msg timestamp="20211202 21:17:17.427" level="INFO">Typing text 'sw3s' into text field 'password'.</msg>
<status status="PASS" starttime="20211202 21:17:17.427" endtime="20211202 21:17:17.558"/>
</kw>
<status status="PASS" starttime="20211202 21:17:17.426" endtime="20211202 21:17:17.559"/>
</kw>
<kw name="Click button login" library="login_page">
<kw name="Click Element" library="SeleniumLibrary">
<arg>${btnLogin}</arg>
<doc>Click the element identified by ``locator``.</doc>
<msg timestamp="20211202 21:17:17.561" level="INFO">Clicking element 'login-button'.</msg>
<status status="PASS" starttime="20211202 21:17:17.560" endtime="20211202 21:17:17.618"/>
</kw>
<kw name="Sleep" library="BuiltIn">
<arg>2s</arg>
<doc>Pauses the test executed for the given time.</doc>
<msg timestamp="20211202 21:17:19.619" level="INFO">Slept 2 seconds</msg>
<status status="PASS" starttime="20211202 21:17:17.618" endtime="20211202 21:17:19.620"/>
</kw>
<status status="PASS" starttime="20211202 21:17:17.559" endtime="20211202 21:17:19.620"/>
</kw>
<kw name="Should showing error login" library="login_page">
<kw name="Page Should Contain" library="SeleniumLibrary">
<arg>Username and password do not match any user in this service</arg>
<doc>Verifies that current page contains ``text``.</doc>
<msg timestamp="20211202 21:17:19.640" level="INFO">Current page contains text 'Username and password do not match any user in this service'.</msg>
<status status="PASS" starttime="20211202 21:17:19.621" endtime="20211202 21:17:19.640"/>
</kw>
<status status="PASS" starttime="20211202 21:17:19.621" endtime="20211202 21:17:19.640"/>
</kw>
<status status="PASS" starttime="20211202 21:17:17.229" endtime="20211202 21:17:19.641"/>
</kw>
<status status="PASS" starttime="20211202 21:17:17.226" endtime="20211202 21:17:19.642"/>
</test>
<test id="s1-t14" name="Step Login with invalid credentials">
<kw name="Step Login with invalid credentials">
<arg>standard_user4</arg>
<arg>sdas</arg>
<kw name="Input Username" library="login_page">
<arg>${username}</arg>
<kw name="Input Text" library="SeleniumLibrary">
<arg>${txtUsername}</arg>
<arg>${username}</arg>
<doc>Types the given ``text`` into the text field identified by ``locator``.</doc>
<msg timestamp="20211202 21:17:19.653" level="INFO">Typing text 'standard_user4' into text field 'user-name'.</msg>
<status status="PASS" starttime="20211202 21:17:19.652" endtime="20211202 21:17:19.861"/>
</kw>
<status status="PASS" starttime="20211202 21:17:19.651" endtime="20211202 21:17:19.862"/>
</kw>
<kw name="Input Password" library="login_page">
<arg>${password}</arg>
<kw name="Input Text" library="SeleniumLibrary">
<arg>${txtPassword}</arg>
<arg>${password}</arg>
<doc>Types the given ``text`` into the text field identified by ``locator``.</doc>
<msg timestamp="20211202 21:17:19.865" level="INFO">Typing text 'sdas' into text field 'password'.</msg>
<status status="PASS" starttime="20211202 21:17:19.863" endtime="20211202 21:17:20.012"/>
</kw>
<status status="PASS" starttime="20211202 21:17:19.863" endtime="20211202 21:17:20.013"/>
</kw>
<kw name="Click button login" library="login_page">
<kw name="Click Element" library="SeleniumLibrary">
<arg>${btnLogin}</arg>
<doc>Click the element identified by ``locator``.</doc>
<msg timestamp="20211202 21:17:20.014" level="INFO">Clicking element 'login-button'.</msg>
<status status="PASS" starttime="20211202 21:17:20.014" endtime="20211202 21:17:20.078"/>
</kw>
<kw name="Sleep" library="BuiltIn">
<arg>2s</arg>
<doc>Pauses the test executed for the given time.</doc>
<msg timestamp="20211202 21:17:22.081" level="INFO">Slept 2 seconds</msg>
<status status="PASS" starttime="20211202 21:17:20.079" endtime="20211202 21:17:22.081"/>
</kw>
<status status="PASS" starttime="20211202 21:17:20.013" endtime="20211202 21:17:22.081"/>
</kw>
<kw name="Should showing error login" library="login_page">
<kw name="Page Should Contain" library="SeleniumLibrary">
<arg>Username and password do not match any user in this service</arg>
<doc>Verifies that current page contains ``text``.</doc>
<msg timestamp="20211202 21:17:22.093" level="INFO">Current page contains text 'Username and password do not match any user in this service'.</msg>
<status status="PASS" starttime="20211202 21:17:22.082" endtime="20211202 21:17:22.093"/>
</kw>
<status status="PASS" starttime="20211202 21:17:22.081" endtime="20211202 21:17:22.093"/>
</kw>
<status status="PASS" starttime="20211202 21:17:19.650" endtime="20211202 21:17:22.094"/>
</kw>
<status status="PASS" starttime="20211202 21:17:19.644" endtime="20211202 21:17:22.094"/>
</test>
<test id="s1-t15" name="Step Login with invalid credentials">
<kw name="Step Login with invalid credentials">
<arg>standard_user5</arg>
<arg>sdas</arg>
<kw name="Input Username" library="login_page">
<arg>${username}</arg>
<kw name="Input Text" library="SeleniumLibrary">
<arg>${txtUsername}</arg>
<arg>${username}</arg>
<doc>Types the given ``text`` into the text field identified by ``locator``.</doc>
<msg timestamp="20211202 21:17:22.097" level="INFO">Typing text 'standard_user5' into text field 'user-name'.</msg>
<status status="PASS" starttime="20211202 21:17:22.097" endtime="20211202 21:17:22.298"/>
</kw>
<status status="PASS" starttime="20211202 21:17:22.097" endtime="20211202 21:17:22.298"/>
</kw>
<kw name="Input Password" library="login_page">
<arg>${password}</arg>
<kw name="Input Text" library="SeleniumLibrary">
<arg>${txtPassword}</arg>
<arg>${password}</arg>
<doc>Types the given ``text`` into the text field identified by ``locator``.</doc>
<msg timestamp="20211202 21:17:22.300" level="INFO">Typing text 'sdas' into text field 'password'.</msg>
<status status="PASS" starttime="20211202 21:17:22.299" endtime="20211202 21:17:22.424"/>
</kw>
<status status="PASS" starttime="20211202 21:17:22.298" endtime="20211202 21:17:22.425"/>
</kw>
<kw name="Click button login" library="login_page">
<kw name="Click Element" library="SeleniumLibrary">
<arg>${btnLogin}</arg>
<doc>Click the element identified by ``locator``.</doc>
<msg timestamp="20211202 21:17:22.426" level="INFO">Clicking element 'login-button'.</msg>
<status status="PASS" starttime="20211202 21:17:22.425" endtime="20211202 21:17:22.488"/>
</kw>
<kw name="Sleep" library="BuiltIn">
<arg>2s</arg>
<doc>Pauses the test executed for the given time.</doc>
<msg timestamp="20211202 21:17:24.490" level="INFO">Slept 2 seconds</msg>
<status status="PASS" starttime="20211202 21:17:22.488" endtime="20211202 21:17:24.491"/>
</kw>
<status status="PASS" starttime="20211202 21:17:22.425" endtime="20211202 21:17:24.491"/>
</kw>
<kw name="Should showing error login" library="login_page">
<kw name="Page Should Contain" library="SeleniumLibrary">
<arg>Username and password do not match any user in this service</arg>
<doc>Verifies that current page contains ``text``.</doc>
<msg timestamp="20211202 21:17:24.504" level="INFO">Current page contains text 'Username and password do not match any user in this service'.</msg>
<status status="PASS" starttime="20211202 21:17:24.492" endtime="20211202 21:17:24.504"/>
</kw>
<status status="PASS" starttime="20211202 21:17:24.491" endtime="20211202 21:17:24.504"/>
</kw>
<status status="PASS" starttime="20211202 21:17:22.096" endtime="20211202 21:17:24.504"/>
</kw>
<status status="PASS" starttime="20211202 21:17:22.094" endtime="20211202 21:17:24.505"/>
</test>
<test id="s1-t16" name="Step Login with invalid credentials">
<kw name="Step Login with invalid credentials">
<arg>standard_user1</arg>
<arg>xs</arg>
<kw name="Input Username" library="login_page">
<arg>${username}</arg>
<kw name="Input Text" library="SeleniumLibrary">
<arg>${txtUsername}</arg>
<arg>${username}</arg>
<doc>Types the given ``text`` into the text field identified by ``locator``.</doc>
<msg timestamp="20211202 21:17:24.511" level="INFO">Typing text 'standard_user1' into text field 'user-name'.</msg>
<status status="PASS" starttime="20211202 21:17:24.509" endtime="20211202 21:17:24.761"/>
</kw>
<status status="PASS" starttime="20211202 21:17:24.508" endtime="20211202 21:17:24.762"/>
</kw>
<kw name="Input Password" library="login_page">
<arg>${password}</arg>
<kw name="Input Text" library="SeleniumLibrary">
<arg>${txtPassword}</arg>
<arg>${password}</arg>
<doc>Types the given ``text`` into the text field identified by ``locator``.</doc>
<msg timestamp="20211202 21:17:24.763" level="INFO">Typing text 'xs' into text field 'password'.</msg>
<status status="PASS" starttime="20211202 21:17:24.763" endtime="20211202 21:17:24.923"/>
</kw>
<status status="PASS" starttime="20211202 21:17:24.762" endtime="20211202 21:17:24.923"/>
</kw>
<kw name="Click button login" library="login_page">
<kw name="Click Element" library="SeleniumLibrary">
<arg>${btnLogin}</arg>
<doc>Click the element identified by ``locator``.</doc>
<msg timestamp="20211202 21:17:24.925" level="INFO">Clicking element 'login-button'.</msg>
<status status="PASS" starttime="20211202 21:17:24.924" endtime="20211202 21:17:24.987"/>
</kw>
<kw name="Sleep" library="BuiltIn">
<arg>2s</arg>
<doc>Pauses the test executed for the given time.</doc>
<msg timestamp="20211202 21:17:26.988" level="INFO">Slept 2 seconds</msg>
<status status="PASS" starttime="20211202 21:17:24.987" endtime="20211202 21:17:26.988"/>
</kw>
<status status="PASS" starttime="20211202 21:17:24.924" endtime="20211202 21:17:26.989"/>
</kw>
<kw name="Should showing error login" library="login_page">
<kw name="Page Should Contain" library="SeleniumLibrary">
<arg>Username and password do not match any user in this service</arg>
<doc>Verifies that current page contains ``text``.</doc>
<msg timestamp="20211202 21:17:27.000" level="INFO">Current page contains text 'Username and password do not match any user in this service'.</msg>
<status status="PASS" starttime="20211202 21:17:26.990" endtime="20211202 21:17:27.000"/>
</kw>
<status status="PASS" starttime="20211202 21:17:26.989" endtime="20211202 21:17:27.000"/>
</kw>
<status status="PASS" starttime="20211202 21:17:24.507" endtime="20211202 21:17:27.000"/>
</kw>
<status status="PASS" starttime="20211202 21:17:24.505" endtime="20211202 21:17:27.001"/>
</test>
<test id="s1-t17" name="Step Login with invalid credentials">
<kw name="Step Login with invalid credentials">
<arg>standard_user2</arg>
<arg>ssss</arg>
<kw name="Input Username" library="login_page">
<arg>${username}</arg>
<kw name="Input Text" library="SeleniumLibrary">
<arg>${txtUsername}</arg>
<arg>${username}</arg>
<doc>Types the given ``text`` into the text field identified by ``locator``.</doc>
<msg timestamp="20211202 21:17:27.006" level="INFO">Typing text 'standard_user2' into text field 'user-name'.</msg>
<status status="PASS" starttime="20211202 21:17:27.005" endtime="20211202 21:17:27.203"/>
</kw>
<status status="PASS" starttime="20211202 21:17:27.004" endtime="20211202 21:17:27.204"/>
</kw>
<kw name="Input Password" library="login_page">
<arg>${password}</arg>
<kw name="Input Text" library="SeleniumLibrary">
<arg>${txtPassword}</arg>
<arg>${password}</arg>
<doc>Types the given ``text`` into the text field identified by ``locator``.</doc>
<msg timestamp="20211202 21:17:27.205" level="INFO">Typing text 'ssss' into text field 'password'.</msg>
<status status="PASS" starttime="20211202 21:17:27.204" endtime="20211202 21:17:27.351"/>
</kw>
<status status="PASS" starttime="20211202 21:17:27.204" endtime="20211202 21:17:27.352"/>
</kw>
<kw name="Click button login" library="login_page">
<kw name="Click Element" library="SeleniumLibrary">
<arg>${btnLogin}</arg>
<doc>Click the element identified by ``locator``.</doc>
<msg timestamp="20211202 21:17:27.353" level="INFO">Clicking element 'login-button'.</msg>
<status status="PASS" starttime="20211202 21:17:27.352" endtime="20211202 21:17:27.407"/>
</kw>
<kw name="Sleep" library="BuiltIn">
<arg>2s</arg>
<doc>Pauses the test executed for the given time.</doc>
<msg timestamp="20211202 21:17:29.408" level="INFO">Slept 2 seconds</msg>
<status status="PASS" starttime="20211202 21:17:27.407" endtime="20211202 21:17:29.409"/>
</kw>
<status status="PASS" starttime="20211202 21:17:27.352" endtime="20211202 21:17:29.409"/>
</kw>
<kw name="Should showing error login" library="login_page">
<kw name="Page Should Contain" library="SeleniumLibrary">
<arg>Username and password do not match any user in this service</arg>
<doc>Verifies that current page contains ``text``.</doc>
<msg timestamp="20211202 21:17:29.421" level="INFO">Current page contains text 'Username and password do not match any user in this service'.</msg>
<status status="PASS" starttime="20211202 21:17:29.410" endtime="20211202 21:17:29.422"/>
</kw>
<status status="PASS" starttime="20211202 21:17:29.410" endtime="20211202 21:17:29.422"/>
</kw>
<status status="PASS" starttime="20211202 21:17:27.003" endtime="20211202 21:17:29.422"/>
</kw>
<status status="PASS" starttime="20211202 21:17:27.001" endtime="20211202 21:17:29.422"/>
</test>
<test id="s1-t18" name="Step Login with invalid credentials">
<kw name="Step Login with invalid credentials">
<arg>standard_user3</arg>
<arg>sw3s</arg>
<kw name="Input Username" library="login_page">
<arg>${username}</arg>
<kw name="Input Text" library="SeleniumLibrary">
<arg>${txtUsername}</arg>
<arg>${username}</arg>
<doc>Types the given ``text`` into the text field identified by ``locator``.</doc>
<msg timestamp="20211202 21:17:29.429" level="INFO">Typing text 'standard_user3' into text field 'user-name'.</msg>
<status status="PASS" starttime="20211202 21:17:29.427" endtime="20211202 21:17:29.693"/>
</kw>
<status status="PASS" starttime="20211202 21:17:29.427" endtime="20211202 21:17:29.694"/>
</kw>
<kw name="Input Password" library="login_page">
<arg>${password}</arg>
<kw name="Input Text" library="SeleniumLibrary">
<arg>${txtPassword}</arg>
<arg>${password}</arg>
<doc>Types the given ``text`` into the text field identified by ``locator``.</doc>
<msg timestamp="20211202 21:17:29.695" level="INFO">Typing text 'sw3s' into text field 'password'.</msg>
<status status="PASS" starttime="20211202 21:17:29.694" endtime="20211202 21:17:29.828"/>
</kw>
<status status="PASS" starttime="20211202 21:17:29.694" endtime="20211202 21:17:29.828"/>
</kw>
<kw name="Click button login" library="login_page">
<kw name="Click Element" library="SeleniumLibrary">
<arg>${btnLogin}</arg>
<doc>Click the element identified by ``locator``.</doc>
<msg timestamp="20211202 21:17:29.830" level="INFO">Clicking element 'login-button'.</msg>
<status status="PASS" starttime="20211202 21:17:29.830" endtime="20211202 21:17:29.904"/>
</kw>
<kw name="Sleep" library="BuiltIn">
<arg>2s</arg>
<doc>Pauses the test executed for the given time.</doc>
<msg timestamp="20211202 21:17:31.906" level="INFO">Slept 2 seconds</msg>
<status status="PASS" starttime="20211202 21:17:29.904" endtime="20211202 21:17:31.906"/>
</kw>
<status status="PASS" starttime="20211202 21:17:29.829" endtime="20211202 21:17:31.906"/>
</kw>
<kw name="Should showing error login" library="login_page">
<kw name="Page Should Contain" library="SeleniumLibrary">
<arg>Username and password do not match any user in this service</arg>
<doc>Verifies that current page contains ``text``.</doc>
<msg timestamp="20211202 21:17:31.918" level="INFO">Current page contains text 'Username and password do not match any user in this service'.</msg>
<status status="PASS" starttime="20211202 21:17:31.906" endtime="20211202 21:17:31.918"/>
</kw>
<status status="PASS" starttime="20211202 21:17:31.906" endtime="20211202 21:17:31.919"/>
</kw>
<status status="PASS" starttime="20211202 21:17:29.426" endtime="20211202 21:17:31.919"/>
</kw>
<status status="PASS" starttime="20211202 21:17:29.423" endtime="20211202 21:17:31.920"/>
</test>
<test id="s1-t19" name="Step Login with invalid credentials">
<kw name="Step Login with invalid credentials">
<arg>standard_user4</arg>
<arg>sdas</arg>
<kw name="Input Username" library="login_page">
<arg>${username}</arg>
<kw name="Input Text" library="SeleniumLibrary">
<arg>${txtUsername}</arg>
<arg>${username}</arg>
<doc>Types the given ``text`` into the text field identified by ``locator``.</doc>
<msg timestamp="20211202 21:17:31.924" level="INFO">Typing text 'standard_user4' into text field 'user-name'.</msg>
<status status="PASS" starttime="20211202 21:17:31.924" endtime="20211202 21:17:32.122"/>
</kw>
<status status="PASS" starttime="20211202 21:17:31.923" endtime="20211202 21:17:32.123"/>
</kw>
<kw name="Input Password" library="login_page">
<arg>${password}</arg>
<kw name="Input Text" library="SeleniumLibrary">
<arg>${txtPassword}</arg>
<arg>${password}</arg>
<doc>Types the given ``text`` into the text field identified by ``locator``.</doc>
<msg timestamp="20211202 21:17:32.124" level="INFO">Typing text 'sdas' into text field 'password'.</msg>
<status status="PASS" starttime="20211202 21:17:32.124" endtime="20211202 21:17:32.256"/>
</kw>
<status status="PASS" starttime="20211202 21:17:32.123" endtime="20211202 21:17:32.256"/>
</kw>
<kw name="Click button login" library="login_page">
<kw name="Click Element" library="SeleniumLibrary">
<arg>${btnLogin}</arg>
<doc>Click the element identified by ``locator``.</doc>
<msg timestamp="20211202 21:17:32.257" level="INFO">Clicking element 'login-button'.</msg>
<status status="PASS" starttime="20211202 21:17:32.257" endtime="20211202 21:17:32.307"/>
</kw>
<kw name="Sleep" library="BuiltIn">
<arg>2s</arg>
<doc>Pauses the test executed for the given time.</doc>
<msg timestamp="20211202 21:17:34.308" level="INFO">Slept 2 seconds</msg>
<status status="PASS" starttime="20211202 21:17:32.307" endtime="20211202 21:17:34.309"/>
</kw>
<status status="PASS" starttime="20211202 21:17:32.256" endtime="20211202 21:17:34.309"/>
</kw>
<kw name="Should showing error login" library="login_page">
<kw name="Page Should Contain" library="SeleniumLibrary">
<arg>Username and password do not match any user in this service</arg>
<doc>Verifies that current page contains ``text``.</doc>
<msg timestamp="20211202 21:17:34.320" level="INFO">Current page contains text 'Username and password do not match any user in this service'.</msg>
<status status="PASS" starttime="20211202 21:17:34.310" endtime="20211202 21:17:34.320"/>
</kw>
<status status="PASS" starttime="20211202 21:17:34.309" endtime="20211202 21:17:34.320"/>
</kw>
<status status="PASS" starttime="20211202 21:17:31.922" endtime="20211202 21:17:34.320"/>
</kw>
<status status="PASS" starttime="20211202 21:17:31.920" endtime="20211202 21:17:34.321"/>
</test>
<test id="s1-t20" name="Step Login with invalid credentials">
<kw name="Step Login with invalid credentials">
<arg>standard_user5</arg>
<arg>sdas</arg>
<kw name="Input Username" library="login_page">
<arg>${username}</arg>
<kw name="Input Text" library="SeleniumLibrary">
<arg>${txtUsername}</arg>
<arg>${username}</arg>
<doc>Types the given ``text`` into the text field identified by ``locator``.</doc>
<msg timestamp="20211202 21:17:34.327" level="INFO">Typing text 'standard_user5' into text field 'user-name'.</msg>
<status status="PASS" starttime="20211202 21:17:34.326" endtime="20211202 21:17:34.560"/>
</kw>
<status status="PASS" starttime="20211202 21:17:34.326" endtime="20211202 21:17:34.560"/>
</kw>
<kw name="Input Password" library="login_page">
<arg>${password}</arg>
<kw name="Input Text" library="SeleniumLibrary">
<arg>${txtPassword}</arg>
<arg>${password}</arg>
<doc>Types the given ``text`` into the text field identified by ``locator``.</doc>
<msg timestamp="20211202 21:17:34.562" level="INFO">Typing text 'sdas' into text field 'password'.</msg>
<status status="PASS" starttime="20211202 21:17:34.561" endtime="20211202 21:17:34.724"/>
</kw>
<status status="PASS" starttime="20211202 21:17:34.560" endtime="20211202 21:17:34.724"/>
</kw>
<kw name="Click button login" library="login_page">
<kw name="Click Element" library="SeleniumLibrary">
<arg>${btnLogin}</arg>
<doc>Click the element identified by ``locator``.</doc>
<msg timestamp="20211202 21:17:34.726" level="INFO">Clicking element 'login-button'.</msg>
<status status="PASS" starttime="20211202 21:17:34.725" endtime="20211202 21:17:34.802"/>
</kw>
<kw name="Sleep" library="BuiltIn">
<arg>2s</arg>
<doc>Pauses the test executed for the given time.</doc>
<msg timestamp="20211202 21:17:36.803" level="INFO">Slept 2 seconds</msg>
<status status="PASS" starttime="20211202 21:17:34.802" endtime="20211202 21:17:36.803"/>
</kw>
<status status="PASS" starttime="20211202 21:17:34.725" endtime="20211202 21:17:36.804"/>
</kw>
<kw name="Should showing error login" library="login_page">
<kw name="Page Should Contain" library="SeleniumLibrary">
<arg>Username and password do not match any user in this service</arg>
<doc>Verifies that current page contains ``text``.</doc>
<msg timestamp="20211202 21:17:36.819" level="INFO">Current page contains text 'Username and password do not match any user in this service'.</msg>
<status status="PASS" starttime="20211202 21:17:36.805" endtime="20211202 21:17:36.819"/>
</kw>
<status status="PASS" starttime="20211202 21:17:36.804" endtime="20211202 21:17:36.820"/>
</kw>
<status status="PASS" starttime="20211202 21:17:34.325" endtime="20211202 21:17:36.821"/>
</kw>
<status status="PASS" starttime="20211202 21:17:34.323" endtime="20211202 21:17:36.823"/>
</test>
<kw name="Close Browser" library="SeleniumLibrary" type="TEARDOWN">
<doc>Closes the current browser.</doc>
<status status="PASS" starttime="20211202 21:17:36.827" endtime="20211202 21:17:36.984"/>
</kw>
<status status="PASS" starttime="20211202 21:16:39.097" endtime="20211202 21:17:36.984"/>
</suite>
<statistics>
<total>
<stat pass="20" fail="0" skip="0">All Tests</stat>
</total>
<tag>
</tag>
<suite>
<stat pass="20" fail="0" skip="0" id="s1" name="Login Step">Login Step</stat>
</suite>
</statistics>
<errors>
<msg timestamp="20211202 21:16:49.550" level="WARN">Multiple test cases with name 'Step Login with invalid credentials' executed in test suite 'Login Step'.</msg>
<msg timestamp="20211202 21:16:52.270" level="WARN">Multiple test cases with name 'Step Login with invalid credentials' executed in test suite 'Login Step'.</msg>
<msg timestamp="20211202 21:16:54.800" level="WARN">Multiple test cases with name 'Step Login with invalid credentials' executed in test suite 'Login Step'.</msg>
<msg timestamp="20211202 21:16:57.294" level="WARN">Multiple test cases with name 'Step Login with invalid credentials' executed in test suite 'Login Step'.</msg>
<msg timestamp="20211202 21:16:59.793" level="WARN">Multiple test cases with name 'Step Login with invalid credentials' executed in test suite 'Login Step'.</msg>
<msg timestamp="20211202 21:17:02.248" level="WARN">Multiple test cases with name 'Step Login with invalid credentials' executed in test suite 'Login Step'.</msg>
<msg timestamp="20211202 21:17:04.742" level="WARN">Multiple test cases with name 'Step Login with invalid credentials' executed in test suite 'Login Step'.</msg>
<msg timestamp="20211202 21:17:07.230" level="WARN">Multiple test cases with name 'Step Login with invalid credentials' executed in test suite 'Login Step'.</msg>
<msg timestamp="20211202 21:17:09.727" level="WARN">Multiple test cases with name 'Step Login with invalid credentials' executed in test suite 'Login Step'.</msg>
<msg timestamp="20211202 21:17:12.246" level="WARN">Multiple test cases with name 'Step Login with invalid credentials' executed in test suite 'Login Step'.</msg>
<msg timestamp="20211202 21:17:14.722" level="WARN">Multiple test cases with name 'Step Login with invalid credentials' executed in test suite 'Login Step'.</msg>
<msg timestamp="20211202 21:17:17.226" level="WARN">Multiple test cases with name 'Step Login with invalid credentials' executed in test suite 'Login Step'.</msg>
<msg timestamp="20211202 21:17:19.644" level="WARN">Multiple test cases with name 'Step Login with invalid credentials' executed in test suite 'Login Step'.</msg>
<msg timestamp="20211202 21:17:22.094" level="WARN">Multiple test cases with name 'Step Login with invalid credentials' executed in test suite 'Login Step'.</msg>
<msg timestamp="20211202 21:17:24.505" level="WARN">Multiple test cases with name 'Step Login with invalid credentials' executed in test suite 'Login Step'.</msg>
<msg timestamp="20211202 21:17:27.001" level="WARN">Multiple test cases with name 'Step Login with invalid credentials' executed in test suite 'Login Step'.</msg>
<msg timestamp="20211202 21:17:29.423" level="WARN">Multiple test cases with name 'Step Login with invalid credentials' executed in test suite 'Login Step'.</msg>
<msg timestamp="20211202 21:17:31.920" level="WARN">Multiple test cases with name 'Step Login with invalid credentials' executed in test suite 'Login Step'.</msg>
<msg timestamp="20211202 21:17:34.322" level="WARN">Multiple test cases with name 'Step Login with invalid credentials' executed in test suite 'Login Step'.</msg>
</errors>
</robot>
